[    0.000000] Initializing cgroup subsys cpuset
[    0.000000] Initializing cgroup subsys cpu
[    0.000000] Initializing cgroup subsys cpuacct
[    0.000000] Linux version 4.4.0-210-generic (buildd@lgw01-amd64-009) (gcc version 5.4.0 20160609 (Ubuntu 5.4.0-6ubuntu1~16.04.12) ) #242-Ubuntu SMP Fri Apr 16 09:57:56 UTC 2021 (Ubuntu 4.4.0-210.242-generic 4.4.262)
[    0.000000] Command line: BOOT_IMAGE=/boot/vmlinuz-4.4.0-210-generic root=LABEL=cloudimg-rootfs ro console=tty1 console=ttyS0
[    0.000000] KERNEL supported cpus:
[    0.000000]   Intel GenuineIntel
[    0.000000]   AMD AuthenticAMD
[    0.000000]   Centaur CentaurHauls
[    0.000000] x86/fpu: xstate_offset[2]:  576, xstate_sizes[2]:  256
[    0.000000] x86/fpu: Supporting XSAVE feature 0x01: 'x87 floating point registers'
[    0.000000] x86/fpu: Supporting XSAVE feature 0x02: 'SSE registers'
[    0.000000] x86/fpu: Supporting XSAVE feature 0x04: 'AVX registers'
[    0.000000] x86/fpu: Enabled xstate features 0x7, context size is 832 bytes, using 'standard' format.
[    0.000000] e820: BIOS-provided physical RAM map:
[    0.000000] BIOS-e820: [mem 0x0000000000000000-0x000000000009fbff] usable
[    0.000000] BIOS-e820: [mem 0x000000000009fc00-0x000000000009ffff] reserved
[    0.000000] BIOS-e820: [mem 0x00000000000f0000-0x00000000000fffff] reserved
[    0.000000] BIOS-e820: [mem 0x0000000000100000-0x00000000dffeffff] usable
[    0.000000] BIOS-e820: [mem 0x00000000dfff0000-0x00000000dfffffff] ACPI data
[    0.000000] BIOS-e820: [mem 0x00000000fec00000-0x00000000fec00fff] reserved
[    0.000000] BIOS-e820: [mem 0x00000000fee00000-0x00000000fee00fff] reserved
[    0.000000] BIOS-e820: [mem 0x00000000fffc0000-0x00000000ffffffff] reserved
[    0.000000] BIOS-e820: [mem 0x0000000100000000-0x000000011fffffff] usable
[    0.000000] NX (Execute Disable) protection: active
[    0.000000] SMBIOS 2.5 present.
[    0.000000] Hypervisor detected: KVM
[    0.000000] e820: last_pfn = 0x120000 max_arch_pfn = 0x400000000
[    0.000000] MTRR: Disabled
[    0.000000] x86/PAT: MTRRs disabled, skipping PAT initialization too.
[    0.000000] CPU MTRRs all blank - virtualized system.
[    0.000000] x86/PAT: Configuration [0-7]: WB  WT  UC- UC  WB  WT  UC- UC  
[    0.000000] e820: last_pfn = 0xdfff0 max_arch_pfn = 0x400000000
[    0.000000] found SMP MP-table at [mem 0x0009fff0-0x0009ffff] mapped at [ffff88000009fff0]
[    0.000000] Scanning 1 areas for low memory corruption
[    0.000000] RAMDISK: [mem 0x362dc000-0x37165fff]
[    0.000000] ACPI: Early table checksum verification disabled
[    0.000000] ACPI: RSDP 0x00000000000E0000 000024 (v02 VBOX  )
[    0.000000] ACPI: XSDT 0x00000000DFFF0030 00003C (v01 VBOX   VBOXXSDT 00000001 ASL  00000061)
[    0.000000] ACPI: FACP 0x00000000DFFF00F0 0000F4 (v04 VBOX   VBOXFACP 00000001 ASL  00000061)
[    0.000000] ACPI: DSDT 0x00000000DFFF0610 002353 (v02 VBOX   VBOXBIOS 00000002 INTL 20210930)
[    0.000000] ACPI: FACS 0x00000000DFFF0200 000040
[    0.000000] ACPI: FACS 0x00000000DFFF0200 000040
[    0.000000] ACPI: APIC 0x00000000DFFF0240 00005C (v02 VBOX   VBOXAPIC 00000001 ASL  00000061)
[    0.000000] ACPI: SSDT 0x00000000DFFF02A0 00036C (v01 VBOX   VBOXCPUT 00000002 INTL 20210930)
[    0.000000] No NUMA configuration found
[    0.000000] Faking a node at [mem 0x0000000000000000-0x000000011fffffff]
[    0.000000] NODE_DATA(0) allocated [mem 0x11fff7000-0x11fffbfff]
[    0.000000] kvm-clock: Using msrs 4b564d01 and 4b564d00
[    0.000000] kvm-clock: cpu 0, msr 1:1ffef001, primary cpu clock
[    0.000000] kvm-clock: using sched offset of 3241880663 cycles
[    0.000000] clocksource: kvm-clock: mask: 0xffffffffffffffff max_cycles: 0x1cd42e4dffb, max_idle_ns: 881590591483 ns
[    0.000000] Zone ranges:
[    0.000000]   DMA      [mem 0x0000000000001000-0x0000000000ffffff]
[    0.000000]   DMA32    [mem 0x0000000001000000-0x00000000ffffffff]
[    0.000000]   Normal   [mem 0x0000000100000000-0x000000011fffffff]
[    0.000000]   Device   empty
[    0.000000] Movable zone start for each node
[    0.000000] Early memory node ranges
[    0.000000]   node   0: [mem 0x0000000000001000-0x000000000009efff]
[    0.000000]   node   0: [mem 0x0000000000100000-0x00000000dffeffff]
[    0.000000]   node   0: [mem 0x0000000100000000-0x000000011fffffff]
[    0.000000] Initmem setup node 0 [mem 0x0000000000001000-0x000000011fffffff]
[    0.000000] ACPI: PM-Timer IO Port: 0x4008
[    0.000000] IOAPIC[0]: apic_id 2, version 32, address 0xfec00000, GSI 0-23
[    0.000000] ACPI: INT_SRC_OVR (bus 0 bus_irq 0 global_irq 2 dfl dfl)
[    0.000000] ACPI: INT_SRC_OVR (bus 0 bus_irq 9 global_irq 9 low level)
[    0.000000] Using ACPI (MADT) for SMP configuration information
[    0.000000] smpboot: Allowing 2 CPUs, 0 hotplug CPUs
[    0.000000] PM: Registered nosave memory: [mem 0x00000000-0x00000fff]
[    0.000000] PM: Registered nosave memory: [mem 0x0009f000-0x0009ffff]
[    0.000000] PM: Registered nosave memory: [mem 0x000a0000-0x000effff]
[    0.000000] PM: Registered nosave memory: [mem 0x000f0000-0x000fffff]
[    0.000000] PM: Registered nosave memory: [mem 0xdfff0000-0xdfffffff]
[    0.000000] PM: Registered nosave memory: [mem 0xe0000000-0xfebfffff]
[    0.000000] PM: Registered nosave memory: [mem 0xfec00000-0xfec00fff]
[    0.000000] PM: Registered nosave memory: [mem 0xfec01000-0xfedfffff]
[    0.000000] PM: Registered nosave memory: [mem 0xfee00000-0xfee00fff]
[    0.000000] PM: Registered nosave memory: [mem 0xfee01000-0xfffbffff]
[    0.000000] PM: Registered nosave memory: [mem 0xfffc0000-0xffffffff]
[    0.000000] e820: [mem 0xe0000000-0xfebfffff] available for PCI devices
[    0.000000] Booting paravirtualized kernel on KVM
[    0.000000] clocksource: refined-jiffies: mask: 0xffffffff max_cycles: 0xffffffff, max_idle_ns: 7645519600211568 ns
[    0.000000] setup_percpu: NR_CPUS:512 nr_cpumask_bits:512 nr_cpu_ids:2 nr_node_ids:1
[    0.000000] PERCPU: Embedded 33 pages/cpu @ffff88011fc00000 s95192 r8192 d31784 u1048576
[    0.000000] Built 1 zonelists in Node order, mobility grouping on.  Total pages: 1032056
[    0.000000] Policy zone: Normal
[    0.000000] Kernel command line: BOOT_IMAGE=/boot/vmlinuz-4.4.0-210-generic root=LABEL=cloudimg-rootfs ro console=tty1 console=ttyS0
[    0.000000] PID hash table entries: 4096 (order: 3, 32768 bytes)
[    0.000000] Memory: 4028304K/4193848K available (8644K kernel code, 1332K rwdata, 4044K rodata, 1492K init, 1164K bss, 165544K reserved, 0K cma-reserved)
[    0.000000] SLUB: HWalign=64, Order=0-3, MinObjects=0, CPUs=2, Nodes=1
[    0.000000] Kernel/User page tables isolation: enabled
[    0.000000] Hierarchical RCU implementation.
[    0.000000] 	Build-time adjustment of leaf fanout to 64.
[    0.000000] 	RCU restricting CPUs from NR_CPUS=512 to nr_cpu_ids=2.
[    0.000000] RCU: Adjusting geometry for rcu_fanout_leaf=64, nr_cpu_ids=2
[    0.000000] NR_IRQS:33024 nr_irqs:440 16
[    0.000000] Console: colour VGA+ 80x25
[    0.000000] console [tty1] enabled
[    0.000000] console [ttyS0] enabled
[    0.000000] tsc: Detected 3194.980 MHz processor
[    0.698990] Calibrating delay loop (skipped) preset value.. 6389.96 BogoMIPS (lpj=12779920)
[    0.706319] pid_max: default: 32768 minimum: 301
[    0.710753] ACPI: Core revision 20150930
[    0.714782] ACPI: 2 ACPI AML tables successfully acquired and loaded
[    0.720631] Security Framework initialized
[    0.723849] Yama: becoming mindful.
[    0.726666] AppArmor: AppArmor initialized
[    0.730251] Dentry cache hash table entries: 524288 (order: 10, 4194304 bytes)
[    0.742995] Inode-cache hash table entries: 262144 (order: 9, 2097152 bytes)
[    0.751045] Mount-cache hash table entries: 8192 (order: 4, 65536 bytes)
[    0.757062] Mountpoint-cache hash table entries: 8192 (order: 4, 65536 bytes)
[    0.763414] Initializing cgroup subsys io
[    0.767325] Initializing cgroup subsys memory
[    0.770846] Initializing cgroup subsys devices
[    0.774446] Initializing cgroup subsys freezer
[    0.777743] Initializing cgroup subsys net_cls
[    0.781296] Initializing cgroup subsys perf_event
[    0.785559] Initializing cgroup subsys net_prio
[    0.790023] Initializing cgroup subsys hugetlb
[    0.794315] Initializing cgroup subsys pids
[    0.800611] mce: CPU supports 0 MCE banks
[    0.804085] Last level iTLB entries: 4KB 64, 2MB 8, 4MB 8
[    0.808088] Last level dTLB entries: 4KB 64, 2MB 0, 4MB 0, 1GB 4
[    0.812598] Spectre V1 : Mitigation: usercopy/swapgs barriers and __user pointer sanitization
[    0.819088] Spectre V2 : Mitigation: Full generic retpoline
[    0.823994] Spectre V2 : Spectre v2 / SpectreRSB mitigation: Filling RSB on context switch
[    0.830040] Speculative Store Bypass: Vulnerable
[    0.834300] MDS: Mitigation: Clear CPU buffers
[    0.878269] Freeing SMP alternatives memory: 36K
[    0.965397] ftrace: allocating 32380 entries in 127 pages
[    1.529707] smpboot: APIC(0) Converting physical 0 to logical package 0
[    1.535667] smpboot: Max logical packages: 1
[    1.541068] x2apic enabled
[    1.545407] Switched APIC routing to physical x2apic.
[    1.557947] ..TIMER: vector=0x30 apic1=0 pin1=2 apic2=-1 pin2=-1
[    1.671223] smpboot: CPU0: Intel(R) Xeon(R) W-2140B CPU @ 3.20GHz (family: 0x6, model: 0x55, stepping: 0x4)
[    1.680002] Performance Events: unsupported p6 CPU model 85 no PMU driver, software events only.
[    1.772271] KVM setup paravirtual spinlock
[    1.777195] x86: Booting SMP configuration:
[    1.780557] .... node  #0, CPUs:      #1
[    1.785462] kvm-clock: cpu 1, msr 1:1ffef041, secondary cpu clock
[    1.790669] mce: CPU supports 0 MCE banks
[    1.794868] x86: Booted up 1 node, 2 CPUs
[    1.798242] smpboot: Total of 2 processors activated (12779.92 BogoMIPS)
[    1.805116] devtmpfs: initialized
[    1.809892] evm: security.selinux
[    1.812695] evm: security.SMACK64
[    1.815634] evm: security.SMACK64EXEC
[    1.818573] evm: security.SMACK64TRANSMUTE
[    1.822031] evm: security.SMACK64MMAP
[    1.825029] evm: security.ima
[    1.827574] evm: security.capability
[    1.830971] clocksource: jiffies: mask: 0xffffffff max_cycles: 0xffffffff, max_idle_ns: 7645041785100000 ns
[    1.838067] futex hash table entries: 512 (order: 3, 32768 bytes)
[    1.842819] pinctrl core: initialized pinctrl subsystem
[    1.847366] RTC time: 10:29:03, date: 06/06/23
[    1.851263] NET: Registered protocol family 16
[    1.871564] cpuidle: using governor ladder
[    1.883702] cpuidle: using governor menu
[    1.886781] PCCT header not found.
[    1.889901] ACPI: bus type PCI registered
[    1.893135] acpiphp: ACPI Hot Plug PCI Controller Driver version: 0.5
[    1.898448] PCI: Using configuration type 1 for base access
[    1.920652] ACPI: Added _OSI(Module Device)
[    1.924010] ACPI: Added _OSI(Processor Device)
[    1.927699] ACPI: Added _OSI(3.0 _SCP Extensions)
[    1.931368] ACPI: Added _OSI(Processor Aggregator Device)
[    1.936628] ACPI: Executed 1 blocks of module-level executable AML code
[    1.945329] ACPI: Interpreter enabled
[    1.948323] ACPI: (supports S0 S5)
[    1.951244] ACPI: Using IOAPIC for interrupt routing
[    1.955346] PCI: Using host bridge windows from ACPI; if necessary, use "pci=nocrs" and report a bug
[    1.968764] ACPI: PCI Root Bridge [PCI0] (domain 0000 [bus 00-ff])
[    1.973464] acpi PNP0A03:00: _OSC: OS supports [ASPM ClockPM Segments MSI]
[    1.979136] acpi PNP0A03:00: _OSC: not requesting OS control; OS requires [ExtendedConfig ASPM ClockPM MSI]
[    1.986237] acpi PNP0A03:00: fail to add MMCONFIG information, can't access extended PCI configuration space under this bridge.
[    1.995117] PCI host bridge to bus 0000:00
[    2.010749] pci_bus 0000:00: root bus resource [io  0x0000-0x0cf7 window]
[    2.015692] pci_bus 0000:00: root bus resource [io  0x0d00-0xffff window]
[    2.020777] pci_bus 0000:00: root bus resource [mem 0x000a0000-0x000bffff window]
[    2.026523] pci_bus 0000:00: root bus resource [mem 0xe0000000-0xfdffffff window]
[    2.032178] pci_bus 0000:00: root bus resource [bus 00-ff]
[    2.042641] pci 0000:00:01.1: legacy IDE quirk: reg 0x10: [io  0x01f0-0x01f7]
[    2.047972] pci 0000:00:01.1: legacy IDE quirk: reg 0x14: [io  0x03f6]
[    2.052718] pci 0000:00:01.1: legacy IDE quirk: reg 0x18: [io  0x0170-0x0177]
[    2.058060] pci 0000:00:01.1: legacy IDE quirk: reg 0x1c: [io  0x0376]
[    2.126838] pci 0000:00:07.0: quirk: [io  0x4000-0x403f] claimed by PIIX4 ACPI
[    2.132391] pci 0000:00:07.0: quirk: [io  0x4100-0x410f] claimed by PIIX4 SMB
[    2.153628] ACPI: PCI Interrupt Link [LNKA] (IRQs 5 9 10 *11)
[    2.161521] ACPI: PCI Interrupt Link [LNKB] (IRQs 5 9 *10 11)
[    2.169599] ACPI: PCI Interrupt Link [LNKC] (IRQs 5 *9 10 11)
[    2.177483] ACPI: PCI Interrupt Link [LNKD] (IRQs 5 9 10 *11)
[    2.185095] ACPI: Enabled 2 GPEs in block 00 to 07
[    2.190107] vgaarb: setting as boot device: PCI:0000:00:02.0
[    2.194175] vgaarb: device added: PCI:0000:00:02.0,decodes=io+mem,owns=io+mem,locks=none
[    2.200112] vgaarb: loaded
[    2.202371] vgaarb: bridge control possible 0000:00:02.0
[    2.206718] SCSI subsystem initialized
[    2.209833] ACPI: bus type USB registered
[    2.213131] usbcore: registered new interface driver usbfs
[    2.217132] usbcore: registered new interface driver hub
[    2.221191] usbcore: registered new device driver usb
[    2.225385] PCI: Using ACPI for IRQ routing
[    2.229495] NetLabel: Initializing
[    2.232206] NetLabel:  domain hash size = 128
[    2.235660] NetLabel:  protocols = UNLABELED CIPSOv4
[    2.239345] NetLabel:  unlabeled traffic allowed by default
[    2.243742] amd_nb: Cannot enumerate AMD northbridges
[    2.247549] clocksource: Switched to clocksource kvm-clock
[    2.264137] AppArmor: AppArmor Filesystem Enabled
[    2.267842] pnp: PnP ACPI init
[    2.271932] pnp: PnP ACPI: found 3 devices
[    2.292531] clocksource: acpi_pm: mask: 0xffffff max_cycles: 0xffffff, max_idle_ns: 2085701024 ns
[    2.299400] NET: Registered protocol family 2
[    2.303544] TCP established hash table entries: 32768 (order: 6, 262144 bytes)
[    2.309486] TCP bind hash table entries: 32768 (order: 7, 524288 bytes)
[    2.315088] TCP: Hash tables configured (established 32768 bind 32768)
[    2.338970] UDP hash table entries: 2048 (order: 4, 65536 bytes)
[    2.343549] UDP-Lite hash table entries: 2048 (order: 4, 65536 bytes)
[    2.348659] NET: Registered protocol family 1
[    2.352115] pci 0000:00:00.0: Limiting direct PCI/PCI transfers
[    2.356823] pci 0000:00:01.0: Activating ISA DMA hang workarounds
[    2.361872] Unpacking initramfs...
[    2.588457] Freeing initrd memory: 14888K
[    2.593450] PCI-DMA: Using software bounce buffering for IO (SWIOTLB)
[    2.599975] software IO TLB: mapped [mem 0xdbff0000-0xdfff0000] (64MB)
[    2.606804] clocksource: tsc: mask: 0xffffffffffffffff max_cycles: 0x2e0dc3ec4a0, max_idle_ns: 440795368670 ns
[    2.614985] platform rtc_cmos: registered platform RTC device (no PNP device found)
[    2.621091] Scanning for low memory corruption every 60 seconds
[    2.626544] audit: initializing netlink subsys (disabled)
[    2.630842] audit: type=2000 audit(1686047347.724:1): initialized
[    2.636023] Initialise system trusted keyring
[    2.640303] HugeTLB registered 2 MB page size, pre-allocated 0 pages
[    2.646773] zbud: loaded
[    2.649641] VFS: Disk quotas dquot_6.6.0
[    2.653037] VFS: Dquot-cache hash table entries: 512 (order 0, 4096 bytes)
[    2.658865] squashfs: version 4.0 (2009/01/31) Phillip Lougher
[    2.663986] fuse init (API version 7.23)
[    2.667361] Key type big_key registered
[    2.670782] Allocating IMA MOK and blacklist keyrings.
[    2.679404] Key type asymmetric registered
[    2.682804] Asymmetric key parser 'x509' registered
[    2.686917] Block layer SCSI generic (bsg) driver version 0.4 loaded (major 249)
[    2.692937] io scheduler noop registered
[    2.696205] io scheduler deadline registered (default)
[    2.700450] io scheduler cfq registered
[    2.703816] pci_hotplug: PCI Hot Plug PCI Core version: 0.5
[    2.708288] pciehp: PCI Express Hot Plug Controller Driver version: 0.4
[    2.714033] ACPI: AC Adapter [AC] (on-line)
[    2.717476] input: Power Button as /devices/LNXSYSTM:00/LNXPWRBN:00/input/input0
[    2.723207] ACPI: Power Button [PWRF]
[    2.726945] input: Sleep Button as /devices/LNXSYSTM:00/LNXSLPBN:00/input/input1
[    2.732579] ACPI: Sleep Button [SLPF]
[    2.736355] GHES: HEST is not enabled!
[    2.739605] Serial: 8250/16550 driver, 32 ports, IRQ sharing enabled
[    2.770290] 00:02: ttyS0 at I/O 0x3f8 (irq = 4, base_baud = 115200) is a 16550A
[    2.777344] Linux agpgart interface v0.103
[    2.784811] loop: module loaded
[    2.789225] scsi host0: ata_piix
[    2.792586] scsi host1: ata_piix
[    2.795535] ata1: PATA max UDMA/33 cmd 0x1f0 ctl 0x3f6 bmdma 0xd000 irq 14
[    2.800603] ata2: PATA max UDMA/33 cmd 0x170 ctl 0x376 bmdma 0xd008 irq 15
[    2.806154] libphy: Fixed MDIO Bus: probed
[    2.809940] tun: Universal TUN/TAP device driver, 1.6
[    2.814057] tun: (C) 1999-2004 Max Krasnyansky <maxk@qualcomm.com>
[    2.818998] PPP generic driver version 2.4.2
[    2.822528] ehci_hcd: USB 2.0 'Enhanced' Host Controller (EHCI) Driver
[    2.827710] ehci-pci: EHCI PCI platform driver
[    2.831384] ehci-platform: EHCI generic platform driver
[    2.835735] ohci_hcd: USB 1.1 'Open' Host Controller (OHCI) Driver
[    2.840369] ohci-pci: OHCI PCI platform driver
[    2.844168] ohci-platform: OHCI generic platform driver
[    2.848315] uhci_hcd: USB Universal Host Controller Interface driver
[    2.853175] i8042: PNP: PS/2 Controller [PNP0303:PS2K,PNP0f03:PS2M] at 0x60,0x64 irq 1,12
[    2.862224] serio: i8042 KBD port at 0x60,0x64 irq 1
[    2.866355] serio: i8042 AUX port at 0x60,0x64 irq 12
[    2.870406] mousedev: PS/2 mouse device common for all mice
[    2.877365] rtc_cmos rtc_cmos: rtc core: registered rtc_cmos as rtc0
[    2.882726] input: AT Translated Set 2 keyboard as /devices/platform/i8042/serio0/input/input2
[    2.889514] rtc_cmos rtc_cmos: alarms up to one day, 114 bytes nvram
[    2.894584] i2c /dev entries driver
[    2.897942] device-mapper: uevent: version 1.0.3
[    2.901912] device-mapper: ioctl: 4.34.0-ioctl (2015-10-28) initialised: dm-devel@redhat.com
[    2.908705] ledtrig-cpu: registered to indicate activity on CPUs
[    2.914125] NET: Registered protocol family 10
[    2.918196] NET: Registered protocol family 17
[    2.921701] Key type dns_resolver registered
[    2.926444] registered taskstats version 1
[    2.929785] Loading compiled-in X.509 certificates
[    2.934134] Loaded X.509 cert 'Build time autogenerated kernel key: cf00e047681d67edb2720680708b7d9498083038'
[    2.941534] zswap: loaded using pool lzo/zbud
[    2.947936] Key type trusted registered
[    2.955163] Key type encrypted registered
[    2.958352] AppArmor: AppArmor sha1 policy hashing enabled
[    2.984315] ima: No TPM chip found, activating TPM-bypass!
[    2.988871] ima: Allocated hash algorithm: sha1
[    3.004258] evm: HMAC attrs: 0x1
[    3.008024]   Magic number: 11:435:476
[    3.021612] rtc_cmos rtc_cmos: setting system clock to 2023-06-06 10:29:04 UTC (1686047344)
[    3.028796] BIOS EDD facility v0.16 2004-Jun-25, 0 devices found
[    3.033321] EDD information not available.
[    3.038692] Freeing unused kernel memory: 1492K
[    3.051810] Write protecting the kernel read-only data: 14336k
[    3.056586] Freeing unused kernel memory: 1584K
[    3.060417] Freeing unused kernel memory: 52K
Loading, please wait...
starting version 229
[    3.081436] random: systemd-udevd: uninitialized urandom read (16 bytes read, 5 bits of entropy available)
[    3.081715] random: udevadm: uninitialized urandom read (16 bytes read, 5 bits of entropy available)
[    3.081748] random: udevadm: uninitialized urandom read (16 bytes read, 5 bits of entropy available)
[    3.095809] random: udevadm: uninitialized urandom read (16 bytes read, 5 bits of entropy available)
[    3.095859] random: udevadm: uninitialized urandom read (16 bytes read, 5 bits of entropy available)
[    3.096075] random: udevadm: uninitialized urandom read (16 bytes read, 5 bits of entropy available)
[    3.096164] random: udevadm: uninitialized urandom read (16 bytes read, 5 bits of entropy available)
[    3.096238] random: udevadm: uninitialized urandom read (16 bytes read, 5 bits of entropy available)
[    3.096321] random: udevadm: uninitialized urandom read (16 bytes read, 5 bits of entropy available)
[    3.096395] random: udevadm: uninitialized urandom read (16 bytes read, 5 bits of entropy available)
[    3.195111] e1000: Intel(R) PRO/1000 Network Driver - version 7.3.21-k8-NAPI
[    3.200685] e1000: Copyright (c) 1999-2006 Intel Corporation.
[    3.205822] Fusion MPT base driver 3.04.20
[    3.209964] Copyright (c) 1999-2008 LSI Corporation
[    3.232265] Fusion MPT SPI Host driver 3.04.20
[    3.262325] AVX2 version of gcm_enc/dec engaged.
[    3.266204] AES CTR mode by8 optimization enabled
[    3.496624] input: ImExPS/2 Generic Explorer Mouse as /devices/platform/i8042/serio1/input/input4
[    3.752110] e1000 0000:00:03.0 eth0: (PCI:33MHz:32-bit) 02:be:82:6b:cc:1d
[    3.757296] e1000 0000:00:03.0 eth0: Intel(R) PRO/1000 Network Connection
[    3.764211] mptbase: ioc0: Initiating bringup
[    3.768922] e1000 0000:00:03.0 enp0s3: renamed from eth0
[    3.840989] ioc0: LSI53C1030 A0: Capabilities={Initiator}
[    4.012063] scsi host2: ioc0: LSI53C1030 A0, FwRev=00000000h, Ports=1, MaxQ=256, IRQ=20
[    4.132453] scsi 2:0:0:0: Direct-Access     VBOX     HARDDISK         1.0  PQ: 0 ANSI: 5
[    4.138981] scsi target2:0:0: Beginning Domain Validation
[    4.146204] scsi target2:0:0: Domain Validation skipping write tests
[    4.150916] scsi target2:0:0: Ending Domain Validation
[    4.155251] scsi target2:0:0: asynchronous
[    4.159744] scsi 2:0:1:0: Direct-Access     VBOX     HARDDISK         1.0  PQ: 0 ANSI: 5
[    4.165567] scsi target2:0:1: Beginning Domain Validation
[    4.172363] scsi target2:0:1: Domain Validation skipping write tests
[    4.177164] scsi target2:0:1: Ending Domain Validation
[    4.181175] scsi target2:0:1: asynchronous
[    4.196589] sd 2:0:0:0: [sda] 83886080 512-byte logical blocks: (42.9 GB/40.0 GiB)
[    4.196703] sd 2:0:0:0: Attached scsi generic sg0 type 0
[    4.203389] sd 2:0:1:0: [sdb] 20480 512-byte logical blocks: (10.5 MB/10.0 MiB)
[    4.203776] sd 2:0:1:0: [sdb] Write Protect is off
[    4.204060] sd 2:0:1:0: [sdb] Incomplete mode parameter data
[    4.204067] sd 2:0:1:0: [sdb] Assuming drive cache: write through
[    4.206350] sd 2:0:1:0: Attached scsi generic sg1 type 0
[    4.209123] sd 2:0:1:0: [sdb] Attached SCSI disk
[    4.235337] sd 2:0:0:0: [sda] Write Protect is off
[    4.239766] sd 2:0:0:0: [sda] Incomplete mode parameter data
[    4.244493] sd 2:0:0:0: [sda] Assuming drive cache: write through
[    4.252479]  sda: sda1
[    4.256477] sd 2:0:0:0: [sda] Attached SCSI disk
Begin: Loading essential drivers ... [    5.819100] md: linear personality registered for level -1
[    5.827047] md: multipath personality registered for level -4
[    5.834625] md: raid0 personality registered for level 0
[    5.848515] md: raid1 personality registered for level 1
[    5.923626] raid6: sse2x1   gen() 12038 MB/s
[    5.991900] raid6: sse2x1   xor()  9229 MB/s
[    6.060304] raid6: sse2x2   gen() 15595 MB/s
[    6.132416] raid6: sse2x2   xor() 11212 MB/s
[    6.204582] raid6: sse2x4   gen() 17345 MB/s
[    6.275617] raid6: sse2x4   xor() 11566 MB/s
[    6.344309] raid6: avx2x1   gen() 21579 MB/s
[    6.415902] raid6: avx2x2   gen() 29482 MB/s
[    6.484482] raid6: avx2x4   gen() 31924 MB/s
[    6.487891] raid6: using algorithm avx2x4 gen() 31924 MB/s
[    6.492250] raid6: using avx2x2 recovery algorithm
[    6.497697] xor: automatically using best checksumming function:
[    6.752078]    avx       : 506579.000 MB/sec
[    6.758317] async_tx: api initialized (async)
[    6.787098] md: raid6 personality registered for level 6
[    6.791434] md: raid5 personality registered for level 5
[    6.795513] md: raid4 personality registered for level 4
[    6.814174] md: raid10 personality registered for level 10
done.
Begin: Running /scripts/init-premount ... done.
Begin: Mounting root file system ... Begin: Running /scripts/local-top ... done.
Begin: Running /scripts/local-premount ... [    6.884803] Btrfs loaded
Scanning for Btrfs filesystems
done.
Warning: fsck not present, so skipping root file system
[    6.923413] EXT4-fs (sda1): mounted filesystem with ordered data mode. Opts: (null)
done.
Begin: Running /scripts/local-bottom ... done.
Begin: Running /scripts/init-bottom ... done.
[    7.053181] systemd[1]: systemd 229 running in system mode. (+PAM +AUDIT +SELINUX +IMA +APPARMOR +SMACK +SYSVINIT +UTMP +LIBCRYPTSETUP +GCRYPT +GNUTLS +ACL +XZ -LZ4 +SECCOMP +BLKID +ELFUTILS +KMOD -IDN)
[    7.065815] systemd[1]: Detected virtualization oracle.
[    7.070034] systemd[1]: Detected architecture x86-64.

Welcome to [1mUbuntu 16.04.7 LTS[0m!

[    7.081281] systemd[1]: Set hostname to <ubuntu>.
[    7.088600] systemd[1]: Initializing machine ID from random generator.
[    7.093647] systemd[1]: Installed transient /etc/machine-id file.
[    7.241302] systemd[1]: Started Forward Password Requests to Wall Directory Watch.
[[0;32m  OK  [0m] Started Forward Password Requests to Wall Directory Watch.
[    7.272058] systemd[1]: Reached target System Time Synchronized.
[[0;32m  OK  [0m] Reached target System Time Synchronized.
[    7.281414] systemd[1]: Reached target Encrypted Volumes.
[[0;32m  OK  [0m] Reached target Encrypted Volumes.
[    7.290411] systemd[1]: Listening on LVM2 metadata daemon socket.
[[0;32m  OK  [0m] Listening on LVM2 metadata daemon socket.
[    7.300427] systemd[1]: Listening on Syslog Socket.
[[0;32m  OK  [0m] Listening on Syslog Socket.
[    7.308710] systemd[1]: Listening on udev Kernel Socket.
[[0;32m  OK  [0m] Listening on udev Kernel Socket.
[    7.317441] systemd[1]: Set up automount Arbitrary Executable File Formats File System Automount Point.
[[0;32m  OK  [0m] Set up automount Arbitrary Executab...ats File System Automount Point.
[    7.330516] systemd[1]: Listening on LVM2 poll daemon socket.
[[0;32m  OK  [0m] Listening on LVM2 poll daemon socket.
[    7.339714] systemd[1]: Started Trigger resolvconf update for networkd DNS.
[[0;32m  OK  [0m] Started Trigger resolvconf update for networkd DNS.
[    7.350333] systemd[1]: Created slice System Slice.
[[0;32m  OK  [0m] Created slice System Slice.
[    7.358755] systemd[1]: Listening on /dev/initctl Compatibility Named Pipe.
[[0;32m  OK  [0m] Listening on /dev/initctl Compatibility Named Pipe.
[    7.369143] systemd[1]: Listening on Journal Audit Socket.
[[0;32m  OK  [0m] Listening on Journal Audit Socket.
[    7.377987] systemd[1]: Reached target User and Group Name Lookups.
[[0;32m  OK  [0m] Reached target User and Group Name Lookups.
[    7.387527] systemd[1]: Listening on Device-mapper event daemon FIFOs.
[[0;32m  OK  [0m] Listening on Device-mapper event daemon FIFOs.
[    7.397379] systemd[1]: Reached target Swap.
[[0;32m  OK  [0m] Reached target Swap.
[    7.405132] systemd[1]: Listening on udev Control Socket.
[[0;32m  OK  [0m] Listening on udev Control Socket.
[    7.413851] systemd[1]: Listening on fsck to fsckd communication Socket.
[[0;32m  OK  [0m] Listening on fsck to fsckd communication Socket.
[    7.424102] systemd[1]: Created slice User and Session Slice.
[[0;32m  OK  [0m] Created slice User and Session Slice.
[    7.433166] systemd[1]: Reached target Slices.
[[0;32m  OK  [0m] Reached target Slices.
[    7.441089] systemd[1]: Listening on Journal Socket.
[[0;32m  OK  [0m] Listening on Journal Socket.
[    7.464509] systemd[1]: Starting Nameserver information manager...
         Starting Nameserver information manager...
[    7.474231] systemd[1]: Starting Monitoring of LVM2 mirrors, snapshots etc. using dmeventd or progress polling...
         Starting Monitoring of LVM2 mirrors... dmeventd or progress polling...
[    7.489086] systemd[1]: Starting Load Kernel Modules...
         Starting Load Kernel Modules...
[    7.500852] systemd[1]: Starting Create list of required static device nodes for the current kernel...
         Starting Create list of required st... nodes for the current kernel...
[    7.515270] Loading iSCSI transport class v2.0-870.
[    7.518173] systemd[1]: Mounting Debug File System...
         Mounting Debug File System...
[    7.528890] systemd[1]: Starting Uncomplicated firewall...
         Starting Uncomplicated firewall...
[    7.537203] iscsi: registered transport (tcp)
[    7.545149] systemd[1]: Starting Set console keymap...
         Starting Set console keymap...
[    7.556476] random: nonblocking pool is initialized
[    7.561746] systemd[1]: Mounting Huge Pages File System...
         Mounting Huge Pages File System...
[    7.573205] systemd[1]: Mounting POSIX Message Queue File System...
         Mounting POSIX Message Queue File System...
[    7.586272] systemd[1]: Created slice system-serial\x2dgetty.slice.
[[0;32m  OK  [0m] Created slice system-serial\x2dgetty.slice.
[    7.595441] systemd[1]: Starting File System Check on Root Device...
         Starting File System Check on Root Device...
[    7.609455] systemd[1]: Listening on Journal Socket (/dev/log).
[[0;32m  OK  [0m] Listening on Journal Socket (/dev/log).
[    7.618034] systemd[1]: Starting Journal Service...
         Starting Journal Service...
[    7.629223] systemd[1]: Mounted Huge Pages File System.
[[0;32m  OK  [0m] Mounted Huge Pages File System.
[    7.636663] systemd[1]: Mounted POSIX Message Queue File System.
[[0;32m  OK  [0m] Mounted POSIX Message Queue File System.
[    7.646075] systemd[1]: Mounted Debug File System.
[[0;32m  OK  [0m] Mounted Debug File System.
[    7.663050] iscsi: registered transport (iser)
[    7.663339] systemd[1]: Started Journal Service.
[[0;32m  OK  [0m] Started Journal Service.
[[0;32m  OK  [0m] Started Load Kernel Modules.
[[0;32m  OK  [0m] Started Create list of required sta...ce nodes for the current kernel.
[[0;32m  OK  [0m] Started Uncomplicated firewall.
[[0;32m  OK  [0m] Started Set console keymap.
[[0;32m  OK  [0m] Started File System Check on Root Device.
[[0;32m  OK  [0m] Started Nameserver information manager.
[[0;32m  OK  [0m] Started LVM2 metadata daemon.
[[0;32m  OK  [0m] Started File System Check Daemon to report status.
         Starting Remount Root and Kernel File Systems...
         Starting Create Static Device Nodes in /dev...
         Starting Apply Kernel Variables...
         Mounting FUSE Control File System...
[[0;32m  OK  [0m] Mounted FUSE Control File System.
[    7.756238] EXT4-fs (sda1): re-mounted. Opts: (null)
[[0;32m  OK  [0m] Started Remount Root and Kernel File Systems.
         Starting Flush Journal to Persistent Storage...
         Starting Load/Save Random Seed...
         Starting udev Coldplug all Devices...
[[0;32m  OK  [0m] Started Apply Kernel Variables.
[[0;32m  OK  [0m] Started Load/Save Random Seed.
[[0;32m  OK  [0m] Started Create Static Device Nodes in /dev.
[[0;32m  OK  [0m] Started Flush Journal to Persistent Storage.
         Starting udev Kernel Device Manager...
[[0;32m  OK  [0m] Started Monitoring of LVM2 mirrors,...ng dmeventd or progress polling.
[[0;32m  OK  [0m] Reached target Local File Systems (Pre).
[[0;32m  OK  [0m] Reached target Local File Systems.
         Starting LSB: AppArmor initialization...
         Starting Initial cloud-init job (pre-networking)...
         Starting Commit a transient machine-id on disk...
         Starting Tell Plymouth To Write Out Runtime Data...
         Starting Create Volatile Files and Directories...
         Starting Set console font and keymap...
[[0;32m  OK  [0m] Started udev Coldplug all Devices.
[[0;32m  OK  [0m] Started udev Kernel Device Manager.
[[0;32m  OK  [0m] Started Dispatch Password Requests to Console Directory Watch.
[[0;32m  OK  [0m] Started Tell Plymouth To Write Out Runtime Data.
[[0;32m  OK  [0m] Started Create Volatile Files and Directories.
         Starting Update UTMP about System Boot/Shutdown...
[[0;32m  OK  [0m] Started Update UTMP about System Boot/Shutdown.
[[0;32m  OK  [0m] Started Commit a transient machine-id on disk.
[[0;32m  OK  [0m] Found device /dev/ttyS0.
[[0;32m  OK  [0m] Listening on Load/Save RF Kill Switch Status /dev/rfkill Watch.
[    8.075626] [[0;32m  OK  [0m] Started Set console font and keymap.
[[0;32m  OK  [0m] Started LSB: AppArmor initialization.
cloud-init[473]: Cloud-init v. 21.1-19-gbad84ad4-0ubuntu1~16.04.2 running 'init-local' at Tue, 06 Jun 2023 10:29:10 +0000. Up 7.49 seconds.
         Starting Load AppArmor profiles managed internally by snapd...
[[0;32m  OK  [0m] Created slice system-getty.slice.
[[0;32m  OK  [0m] Started Initial cloud-init job (pre-networking).
[[0;32m  OK  [0m] Started Load AppArmor profiles managed internally by snapd.
[[0;32m  OK  [0m] Reached target Network (Pre).
         Starting Raise network interfaces...
[[0;32m  OK  [0m] Started Raise network interfaces.
[[0;32m  OK  [0m] Reached target Network.
         Starting Initial cloud-init job (metadata service crawler)...
[    9.762024] cloud-init[951]: Cloud-init v. 21.1-19-gbad84ad4-0ubuntu1~16.04.2 running 'init' at Tue, 06 Jun 2023 10:29:12 +0000. Up 9.27 seconds.
[    9.767430] cloud-init[951]: ci-info: ++++++++++++++++++++++++++++++++++++++Net device info++++++++++++++++++++++++++++++++++++++
[    9.772363] cloud-init[951]: ci-info: +--------+------+----------------------------+---------------+--------+-------------------+
[    9.777116] cloud-init[951]: ci-info: | Device |  Up  |          Address           |      Mask     | Scope  |     Hw-Address    |
[    9.782141] cloud-init[951]: ci-info: +--------+------+----------------------------+---------------+--------+-------------------+
[    9.787157] cloud-init[951]: ci-info: | enp0s3 | True |         10.0.2.15          | 255.255.255.0 | global | 02:be:82:6b:cc:1d |
[    9.792031] cloud-init[951]: ci-info: | enp0s3 | True | fe80::be:82ff:fe6b:cc1d/64 |       .       |  link  | 02:be:82:6b:cc:1d |
[    9.797126] cloud-init[951]: ci-info: |   lo   | True |         127.0.0.1          |   255.0.0.0   |  host  |         .         |
[    9.810177] cloud-init[951]: ci-info: |   lo   | True |          ::1/128           |       .       |  host  |         .         |
[    9.815514] cloud-init[951]: ci-info: +--------+------+----------------------------+---------------+--------+-------------------+
[    9.821250] cloud-init[951]: ci-info: +++++++++++++++++++++++++++Route IPv4 info++++++++++++++++++++++++++++
[    9.826970] cloud-init[951]: ci-info: +-------+-------------+----------+---------------+-----------+-------+
[    9.834371] cloud-init[951]: ci-info: | Route | Destination | Gateway  |    Genmask    | Interface | Flags |
[    9.839212] cloud-init[951]: ci-info: +-------+-------------+----------+---------------+-----------+-------+
[    9.843775] cloud-init[951]: ci-info: |   0   |   0.0.0.0   | 10.0.2.2 |    0.0.0.0    |   enp0s3  |   UG  |
[    9.848415] cloud-init[951]: ci-info: |   1   |   10.0.2.0  | 0.0.0.0  | 255.255.255.0 |   enp0s3  |   U   |
[    9.853354] cloud-init[951]: ci-info: +-------+-------------+----------+---------------+-----------+-------+
[    9.857889] cloud-init[951]: ci-info: +++++++++++++++++++Route IPv6 info+++++++++++++++++++
[    9.861976] cloud-init[951]: ci-info: +-------+-------------+---------+-----------+-------+
[    9.866314] cloud-init[951]: ci-info: | Route | Destination | Gateway | Interface | Flags |
[    9.870576] cloud-init[951]: ci-info: +-------+-------------+---------+-----------+-------+
[    9.874985] cloud-init[951]: ci-info: |   0   |  fe80::/64  |    ::   |   enp0s3  |   U   |
[    9.879288] cloud-init[951]: ci-info: |   3   |   ff00::/8  |    ::   |   enp0s3  |   U   |
[    9.883704] cloud-init[951]: ci-info: +-------+-------------+---------+-----------+-------+
[    9.887751] cloud-init[951]: Generating public/private rsa key pair.
[    9.891551] cloud-init[951]: Your identification has been saved in /etc/ssh/ssh_host_rsa_key.
[    9.895563] cloud-init[951]: Your public key has been saved in /etc/ssh/ssh_host_rsa_key.pub.
[    9.900168] cloud-init[951]: The key fingerprint is:
[    9.903002] cloud-init[951]: SHA256:AJt2ZG3ZMmAbNTdClLBB/HeEusUYaJK7rgbMIbHAXsI root@ubuntu-xenial
[    9.907622] cloud-init[951]: The key's randomart image is:
[    9.910973] cloud-init[951]: +---[RSA 2048]----+
[    9.914011] cloud-init[951]: |o   .+XO*+o.     |
[    9.916970] cloud-init[951]: |oE .oB+=O+o..    |
[    9.919871] cloud-init[951]: |ooo ++=o B .     |
[    9.923052] cloud-init[951]: |oo ... .+ + .    |
[    9.925967] cloud-init[951]: |+ .  .  S+ .     |
[    9.929541] cloud-init[951]: |.o  .   .        |
[    9.932732] cloud-init[951]: | . .             |
[    9.935626] cloud-init[951]: |  . .            |
[[0;32m  OK  [0m] Started Initial cloud-init job (metadata service crawler).
[[0;32m  OK  [0m] Reached target Network is Online.
[    9.940324] cloud-init[951]: | ...             |
[    9.949305] cloud-init[951]: +----[SHA256]-----+
[    9.952445] cloud-init[951]: Generating public/private dsa key pair.
         Starting iSCSI initiator daemon (iscsid)...
[[0;32m  OK  [0m] Reached target System Initialization.
[[0;32m  OK  [0m] Listening on ACPID Listen Socket.
[    9.955637] cloud-init[951]: Your identification has been saved in /etc/ssh/ssh_host_dsa_key.
         Starting LXD - unix socket.
[    9.967451] cloud-init[951]: Your public key has been saved in /etc/ssh/ssh_host_dsa_key.pub.
[    9.988859] cloud-init[951]: The key fingerprint is:
[    9.990483] cloud-init[951]: SHA256:2wJ+0M5J05kYZhwadLXRMcppv8uLYIYovOej1Yping4 root@ubuntu-xenial
[[0;32m  OK  [0m] Started Ubuntu Advantage update messaging.
[[    9.990827] cloud-init[951]: The key's randomart image is:
[   10.006311] cloud-init[951]: +---[DSA 1024]----+
[   10.006610] cloud-init[951]: |     .o o.o.o.   |
[   10.006957] cloud-init[951]: |       = o =..   |
[0;32m  OK  [0m[   10.007307] ] cloud-initListening on D-Bus System Message Bus Socket.[951]: 
|      . = *      |
[   10.007352] cloud-init[951]: |       + = +     |
[   10.034578] cloud-init[951]: |      o S + .    |
[   10.047624] cloud-init[951]: | .   + B =   .   |
[   10.048033] cloud-init[951]: |E o o + @ . .    |
[   10.048639] cloud-init[951]: |o..=o. + o o .   |
[   10.048694] cloud-init[951]: |+=++o.    . +.   |
[   10.048756] cloud-init[951]: +----[SHA256]-----+
[   10.049178] cloud-init[951]: Generating public/private ecdsa key pair.
[   10.049532] cloud-init[951]: Your identification has been saved in /etc/ssh/ssh_host_ecdsa_key.
[   10.049939] cloud-init[951]: Your public key has been saved in /etc/ssh/ssh_host_ecdsa_key.pub.
[   10.050291] cloud-init[951]: The key fingerprint is:
[   10.050644] cloud-init[951]: SHA256:haVaYA9IuBU1qlg6goCR1B4alY4NCVaSiJBSPPjd9vI root@ubuntu-xenial
[   10.051025] cloud-init[951]: The key's randomart image is:
[   10.051355] cloud-init[951]: +---[ECDSA 256]---+
[   10.051723] cloud-init[951]: |XXB=++*   .      |
[   10.052075] cloud-init[951]: |X*=+oo = +       |
[   10.052426] cloud-init[951]: |+.X=o.  = .      |
[   10.052791] cloud-init[951]: |o*o=. oo .       |
[   10.053147] cloud-init[951]: |* .  ...S        |
[   10.053504] cloud-init[951]: |..    . .        |
[   10.053860] cloud-init[951]: |       o         |
[   10.054221] cloud-init[951]: |        E        |
[   10.054578] cloud-init[951]: |                 |
[   10.054965] cloud-init[951]: +----[SHA256]-----+
[   10.055410] cloud-init[951]: Generating public/private ed25519 key pair.
[   10.055927] cloud-init[951]: Your identification has been saved in /etc/ssh/ssh_host_ed25519_key.
[   10.056738] cloud-init[951]: Your public key has been saved in /etc/ssh/ssh_host_ed25519_key.pub.
[   10.057057] cloud-init[951]: The key fingerprint is:
[   10.057431] cloud-init[951]: SHA256:roOD2iaGxjcIRtq/9beRylCXX8DrJmcSOb8lZOkAG7U root@ubuntu-xenial
[   10.057780] cloud-init[951]: The key's randomart image is:
[   10.058136] cloud-init[951]: +--[ED25519 256]--+
[   10.058890] cloud-init[951]: |          .      |
[   10.059246] cloud-init[951]: |         . o     |
[   10.059612] cloud-init[951]: |        o E o    |
[   10.059974] cloud-init[951]: | .       + o +   |
[   10.060340] cloud-init[951]: |o.      S B = .  |
[   10.060727] cloud-init[951]: |o..    o . % .   |
[   10.061093] cloud-init[951]: |= .o .o . = X .  |
[   10.061454] cloud-init[951]: |o*oo+..= ..B +   |
[   10.062383] cloud-init[951]: |++o oo..+....    |
[   10.063563] cloud-init[951]: +----[SHA256]-----+
[[0;32m  OK  [0m] Listening on UUID daemon activation socket.
[[0;32m  OK  [0m] Started ACPI Events Check.
[[0;32m  OK  [0m] Reached target Paths.
[[0;32m  OK  [0m] Started Message of the Day.
         Starting Socket activation for snappy daemon.
[[0;32m  OK  [0m] Started Daily Cleanup of Temporary Directories.
[[0;32m  OK  [0m] Started Daily apt download activities.
[[0;32m  OK  [0m] Started Daily apt upgrade and clean activities.
[[0;32m  OK  [0m] Reached target Timers.
[[0;32m  OK  [0m] Reached target Cloud-config availability.
[[0;32m  OK  [0m] Listening on LXD - unix socket.
[[0;32m  OK  [0m] Listening on Socket activation for snappy daemon.
[[0;32m  OK  [0m] Started iSCSI initiator daemon (iscsid).
         Starting Login to default iSCSI targets...
[[0;32m  OK  [0m] Reached target Sockets.
[[0;32m  OK  [0m] Reached target Basic System.
         Starting LXD - container startup/shutdown...
[[0;32m  OK  [0m] Started Deferred execution scheduler.
         Starting /etc/rc.local Compatibility...
         Starting LSB: MD monitoring daemon...
         Starting Login Service...
         Starting Pollinate to seed the pseudo random number generator...
[[0;32m  OK  [0m] Started FUSE filesystem for LXC.
[[0;32m  OK  [0m] Started ACPI event daemon.
[[0;32m  OK  [0m] Started Regular background program processing daemon.
         Starting Snap Daemon...
         Starting Virtualbox guest utils...
[[0;32m  OK  [0m] Started D-Bus System Message Bus.
         Starting LSB: Record successful boot for GRUB...
         Starting System Logging Service...
         Starting Accounts Service...
[[0;32m  OK  [0m] Started LXD - container startup/shutdown.
[[0;32m  OK  [0m] Started /etc/rc.local Compatibility.
[[0;32m  OK  [0m] Started System Logging Service.
[[0;32m  OK  [0m] Started Login Service.
[[0;32m  OK  [0m] Started Login to default iSCSI targets.
[[0;32m  OK  [0m] Started LSB: MD monitoring daemon.
[[0;32m  OK  [0m] Started LSB: Record successful boot for GRUB.
[[0;32m  OK  [0m] Reached target Remote File Systems (Pre).
[[0;32m  OK  [0m] Reached target Remote File Systems.
         Starting Permit User Sessions...
         Starting LSB: Set the CPU Frequency Scaling governor to "ondemand"...
         Starting LSB: daemon to balance interrupts for SMP systems...
         Starting LSB: automatic crash report generation...
[[0;32m  OK  [0m] Started Unattended Upgrades Shutdown.
[[0;32m  OK  [0m] Started Permit User Sessions.
         Starting Authenticate and Authorize Users to Run Privileged Tasks...
         Starting Terminate Plymouth Boot Screen...
         Starting Hold until boot process finishes up...
[[0;32m  OK  [0m] Started Hold until boot process finishes up.
[[0;32m  OK  [0m] Started Getty on tty1.
         Starting Set console scheme...
[[0;32m  OK  [0m] Started Serial Getty on ttyS0.
[[0;32m  OK  [0m] Reached target Login Prompts.
[[0;32m  OK  [0m] Started Terminate Plymouth Boot Screen.
[[0;32m  OK  [0m] Started Set console scheme.
[[0;32m  OK  [0m] Started LSB: Set the CPU Frequency Scaling governor to "ondemand".
[[0;32m  OK  [0m] Started Authenticate and Authorize Users to Run Privileged Tasks.
[[0;32m  OK  [0m] Started Accounts Service.
[[0;32m  OK  [0m] Started LSB: daemon to balance interrupts for SMP systems.
[[0;32m  OK  [0m] Started LSB: automatic crash report generation.
[[0;32m  OK  [0m] Started Virtualbox guest utils.
[[0;32m  OK  [0m] Started Snap Daemon.
         Starting Wait until snapd is fully seeded...
[[0;32m  OK  [0m] Started Pollinate to seed the pseudo random number generator.
         Starting OpenBSD Secure Shell server...
[[0;32m  OK  [0m] Started OpenBSD Secure Shell server.
[[0;32m  OK  [0m] Created slice User Slice of vagrant.
         Starting User Manager for UID 1000...
[[0;32m  OK  [0m] Started Session 1 of user vagrant.
[[0;32m  OK  [0m] Started User Manager for UID 1000.
[[0;32m  OK  [0m] Started Wait until snapd is fully seeded.
         Starting Apply the settings specified in cloud-config...
[[0;32m  OK  [0m] Reached target Multi-User System.
[[0;32m  OK  [0m] Reached target Graphical Interface.
         Starting Update UTMP about System Runlevel Changes...
[[0;32m  OK  [0m] Started Update UTMP about System Runlevel Changes.
[   11.732455] cloud-init[1317]: Generating locales (this might take a while)...
[   12.769262] cloud-init[1317]:   en_US.UTF-8... done
[   12.772637] cloud-init[1317]: Generation complete.
         Stopping User Manager for UID 1000...
[   13.116157] cloud-init[1317]: Cloud-init v. 21.1-19-gbad84ad4-0ubuntu1~16.04.2 running 'modules:config' at Tue, 06 Jun 2023 10:29:14 +0000. Up 11.61 seconds.
[[0;32m  OK  [0m] Started Apply the settings specified in cloud-config.
         Starting Execute cloud user/final scripts...
[[0;32m  OK  [0m] Stopped User Manager for UID 1000.
[[0;32m  OK  [0m] Removed slice User Slice of vagrant.
[[0;32m  OK  [0m] Created slice User Slice of vagrant.
         Starting User Manager for UID 1000...
[[0;32m  OK  [0m] Started Session 2 of user vagrant.
[[0;32m  OK  [0m] Started User Manager for UID 1000.
ci-info: no authorized SSH keys fingerprints found for user ubuntu.
<14>Jun  6 10:29:16 ec2: 
<14>Jun  6 10:29:16 ec2: #############################################################
<14>Jun  6 10:29:16 ec2: -----BEGIN SSH HOST KEY FINGERPRINTS-----
<14>Jun  6 10:29:16 ec2: 1024 SHA256:2wJ+0M5J05kYZhwadLXRMcppv8uLYIYovOej1Yping4 root@ubuntu-xenial (DSA)
<14>Jun  6 10:29:16 ec2: 256 SHA256:haVaYA9IuBU1qlg6goCR1B4alY4NCVaSiJBSPPjd9vI root@ubuntu-xenial (ECDSA)
<14>Jun  6 10:29:16 ec2: 256 SHA256:roOD2iaGxjcIRtq/9beRylCXX8DrJmcSOb8lZOkAG7U root@ubuntu-xenial (ED25519)
<14>Jun  6 10:29:16 ec2: 2048 SHA256:AJt2ZG3ZMmAbNTdClLBB/HeEusUYaJK7rgbMIbHAXsI root@ubuntu-xenial (RSA)
<14>Jun  6 10:29:16 ec2: -----END SSH HOST KEY FINGERPRINTS-----
<14>Jun  6 10:29:16 ec2: #############################################################
-----BEGIN SSH HOST KEY KEYS-----
ecdsa-sha2-nistp256 AAAAE2VjZHNhLXNoYTItbmlzdHAyNTYAAAAIbmlzdHAyNTYAAABBBKbzydhalyQP1tpJJ3/cnQcifzFGsilheCS+nlYkQyzCkx5NEU8xrlOHjwUznIg2wfMyKSr1UqPwU8C/NxaMEl0= root@ubuntu-xenial
ssh-ed25519 AAAAC3NzaC1lZDI1NTE5AAAAIKmtAPZA3MWW6+Dhf5cQVJjvGoLCAbdl+5pmhi8C8WCq root@ubuntu-xenial
ssh-rsa AAAAB3NzaC1yc2EAAAADAQABAAABAQDZIcIfWtv49+fAHY5BCBfkL9BtUsxLu7J+LZrMhGqftooB43kUEOzRS2YGwAai2/juPdbQnljQSQiAFuo+MOa775ZPEiYrksw/6kSUR0voqdC4h1EcCmBCC6NgTRtqfYUmYS+OdzWR/KHU15XAfE/BpPdSOaqZQY5tW271sXcnJK2YIFNjh6WiG7lKoe3csq/LniwqPJG4yPC3z1nqFfWp+paUqerkdmdZGXJD6gRIri31hC0XpxDyd76nRLj3MOiG2sbLTmBSWev8me9pO2F7r9uLdVcNhJzruVlqNoSW4geTmQdSiF7ZpdkjddIfO3QwRpGD/In2jgB2CpHt33ZF root@ubuntu-xenial
-----END SSH HOST KEY KEYS-----
[   13.653386] cloud-init[1577]: Cloud-init v. 21.1-19-gbad84ad4-0ubuntu1~16.04.2 running 'modules:final' at Tue, 06 Jun 2023 10:29:16 +0000. Up 13.48 seconds.
[   13.659805] cloud-init[1577]: ci-info: no authorized SSH keys fingerprints found for user ubuntu.
[   13.665823] cloud-init[1577]: Cloud-init v. 21.1-19-gbad84ad4-0ubuntu1~16.04.2 finished at Tue, 06 Jun 2023 10:29:16 +0000. Datasource DataSourceNoCloud [seed=/dev/sdb][dsmode=net].  Up 13.64 seconds
[[0;32m  OK  [0m] Started Execute cloud user/final scripts.
[[0;32m  OK  [0m] Reached target Cloud-init target.

Ubuntu 16.04.7 LTS ubuntu-xenial ttyS0

ubuntu-xenial login: 