[    0.000000] Linux version 4.15.0-211-generic (buildd@lcy02-amd64-047) (gcc version 7.5.0 (Ubuntu 7.5.0-3ubuntu1~18.04)) #222-Ubuntu SMP Tue Apr 18 18:55:06 UTC 2023 (Ubuntu 4.15.0-211.222-generic 4.15.18)
[    0.000000] Command line: BOOT_IMAGE=/boot/vmlinuz-4.15.0-211-generic root=LABEL=cloudimg-rootfs ro console=tty1 console=ttyS0
[    0.000000] KERNEL supported cpus:
[    0.000000]   Intel GenuineIntel
[    0.000000]   AMD AuthenticAMD
[    0.000000]   Centaur CentaurHauls
[    0.000000] x86/fpu: Supporting XSAVE feature 0x001: 'x87 floating point registers'
[    0.000000] x86/fpu: Supporting XSAVE feature 0x002: 'SSE registers'
[    0.000000] x86/fpu: Supporting XSAVE feature 0x004: 'AVX registers'
[    0.000000] x86/fpu: xstate_offset[2]:  576, xstate_sizes[2]:  256
[    0.000000] x86/fpu: Enabled xstate features 0x7, context size is 832 bytes, using 'standard' format.
[    0.000000] e820: BIOS-provided physical RAM map:
[    0.000000] BIOS-e820: [mem 0x0000000000000000-0x000000000009fbff] usable
[    0.000000] BIOS-e820: [mem 0x000000000009fc00-0x000000000009ffff] reserved
[    0.000000] BIOS-e820: [mem 0x00000000000f0000-0x00000000000fffff] reserved
[    0.000000] BIOS-e820: [mem 0x0000000000100000-0x000000003ffeffff] usable
[    0.000000] BIOS-e820: [mem 0x000000003fff0000-0x000000003fffffff] ACPI data
[    0.000000] BIOS-e820: [mem 0x00000000fec00000-0x00000000fec00fff] reserved
[    0.000000] BIOS-e820: [mem 0x00000000fee00000-0x00000000fee00fff] reserved
[    0.000000] BIOS-e820: [mem 0x00000000fffc0000-0x00000000ffffffff] reserved
[    0.000000] NX (Execute Disable) protection: active
[    0.000000] SMBIOS 2.5 present.
[    0.000000] DMI: innotek GmbH VirtualBox/VirtualBox, BIOS VirtualBox 12/01/2006
[    0.000000] Hypervisor detected: KVM
[    0.000000] e820: last_pfn = 0x3fff0 max_arch_pfn = 0x400000000
[    0.000000] MTRR: Disabled
[    0.000000] x86/PAT: MTRRs disabled, skipping PAT initialization too.
[    0.000000] CPU MTRRs all blank - virtualized system.
[    0.000000] x86/PAT: Configuration [0-7]: WB  WT  UC- UC  WB  WT  UC- UC  
[    0.000000] found SMP MP-table at [mem 0x0009fff0-0x0009ffff]
[    0.000000] Scanning 1 areas for low memory corruption
[    0.000000] RAMDISK: [mem 0x359c7000-0x36cdafff]
[    0.000000] ACPI: Early table checksum verification disabled
[    0.000000] ACPI: RSDP 0x00000000000E0000 000024 (v02 VBOX  )
[    0.000000] ACPI: XSDT 0x000000003FFF0030 00003C (v01 VBOX   VBOXXSDT 00000001 ASL  00000061)
[    0.000000] ACPI: FACP 0x000000003FFF00F0 0000F4 (v04 VBOX   VBOXFACP 00000001 ASL  00000061)
[    0.000000] ACPI: DSDT 0x000000003FFF0610 002353 (v02 VBOX   VBOXBIOS 00000002 INTL 20210930)
[    0.000000] ACPI: FACS 0x000000003FFF0200 000040
[    0.000000] ACPI: FACS 0x000000003FFF0200 000040
[    0.000000] ACPI: APIC 0x000000003FFF0240 00005C (v02 VBOX   VBOXAPIC 00000001 ASL  00000061)
[    0.000000] ACPI: SSDT 0x000000003FFF02A0 00036C (v01 VBOX   VBOXCPUT 00000002 INTL 20210930)
[    0.000000] ACPI: Reserving FACP table memory at [mem 0x3fff00f0-0x3fff01e3]
[    0.000000] ACPI: Reserving DSDT table memory at [mem 0x3fff0610-0x3fff2962]
[    0.000000] ACPI: Reserving FACS table memory at [mem 0x3fff0200-0x3fff023f]
[    0.000000] ACPI: Reserving FACS table memory at [mem 0x3fff0200-0x3fff023f]
[    0.000000] ACPI: Reserving APIC table memory at [mem 0x3fff0240-0x3fff029b]
[    0.000000] ACPI: Reserving SSDT table memory at [mem 0x3fff02a0-0x3fff060b]
[    0.000000] No NUMA configuration found
[    0.000000] Faking a node at [mem 0x0000000000000000-0x000000003ffeffff]
[    0.000000] NODE_DATA(0) allocated [mem 0x3ffc5000-0x3ffeffff]
[    0.000000] kvm-clock: cpu 0, msr 0:3ff44001, primary cpu clock
[    0.000000] kvm-clock: Using msrs 4b564d01 and 4b564d00
[    0.000000] kvm-clock: using sched offset of 3310470156 cycles
[    0.000000] clocksource: kvm-clock: mask: 0xffffffffffffffff max_cycles: 0x1cd42e4dffb, max_idle_ns: 881590591483 ns
[    0.000000] Zone ranges:
[    0.000000]   DMA      [mem 0x0000000000001000-0x0000000000ffffff]
[    0.000000]   DMA32    [mem 0x0000000001000000-0x000000003ffeffff]
[    0.000000]   Normal   empty
[    0.000000]   Device   empty
[    0.000000] Movable zone start for each node
[    0.000000] Early memory node ranges
[    0.000000]   node   0: [mem 0x0000000000001000-0x000000000009efff]
[    0.000000]   node   0: [mem 0x0000000000100000-0x000000003ffeffff]
[    0.000000] Reserved but unavailable: 104 pages
[    0.000000] Initmem setup node 0 [mem 0x0000000000001000-0x000000003ffeffff]
[    0.000000] ACPI: PM-Timer IO Port: 0x4008
[    0.000000] IOAPIC[0]: apic_id 2, version 32, address 0xfec00000, GSI 0-23
[    0.000000] ACPI: INT_SRC_OVR (bus 0 bus_irq 0 global_irq 2 dfl dfl)
[    0.000000] ACPI: INT_SRC_OVR (bus 0 bus_irq 9 global_irq 9 low level)
[    0.000000] Using ACPI (MADT) for SMP configuration information
[    0.000000] smpboot: Allowing 2 CPUs, 0 hotplug CPUs
[    0.000000] PM: Registered nosave memory: [mem 0x00000000-0x00000fff]
[    0.000000] PM: Registered nosave memory: [mem 0x0009f000-0x0009ffff]
[    0.000000] PM: Registered nosave memory: [mem 0x000a0000-0x000effff]
[    0.000000] PM: Registered nosave memory: [mem 0x000f0000-0x000fffff]
[    0.000000] e820: [mem 0x40000000-0xfebfffff] available for PCI devices
[    0.000000] Booting paravirtualized kernel on KVM
[    0.000000] clocksource: refined-jiffies: mask: 0xffffffff max_cycles: 0xffffffff, max_idle_ns: 7645519600211568 ns
[    0.000000] setup_percpu: NR_CPUS:8192 nr_cpumask_bits:2 nr_cpu_ids:2 nr_node_ids:1
[    0.000000] percpu: Embedded 50 pages/cpu s167936 r8192 d28672 u1048576
[    0.000000] PV qspinlock hash table entries: 256 (order: 0, 4096 bytes)
[    0.000000] Built 1 zonelists, mobility grouping on.  Total pages: 257913
[    0.000000] Policy zone: DMA32
[    0.000000] Kernel command line: BOOT_IMAGE=/boot/vmlinuz-4.15.0-211-generic root=LABEL=cloudimg-rootfs ro console=tty1 console=ttyS0
[    0.000000] Memory: 982636K/1048120K available (12300K kernel code, 2477K rwdata, 4324K rodata, 2480K init, 2720K bss, 65484K reserved, 0K cma-reserved)
[    0.000000] SLUB: HWalign=64, Order=0-3, MinObjects=0, CPUs=2, Nodes=1
[    0.000000] Kernel/User page tables isolation: enabled
[    0.000000] ftrace: allocating 39508 entries in 155 pages
[    0.004000] Hierarchical RCU implementation.
[    0.004000] 	RCU restricting CPUs from NR_CPUS=8192 to nr_cpu_ids=2.
[    0.004000] 	Tasks RCU enabled.
[    0.004000] RCU: Adjusting geometry for rcu_fanout_leaf=16, nr_cpu_ids=2
[    0.004000] NR_IRQS: 524544, nr_irqs: 440, preallocated irqs: 16
[    0.004000] random: crng init done
[    0.004000] Console: colour VGA+ 80x25
[    0.004000] console [tty1] enabled
[    0.004000] console [ttyS0] enabled
[    0.004000] ACPI: Core revision 20170831
[    0.004000] ACPI: 2 ACPI AML tables successfully acquired and loaded
[    0.004000] APIC: Switch to symmetric I/O mode setup
[    0.005430] x2apic enabled
[    0.008023] Switched APIC routing to physical x2apic.
[    0.016000] ..TIMER: vector=0x30 apic1=0 pin1=2 apic2=-1 pin2=-1
[    0.016005] tsc: Detected 3202.704 MHz processor
[    0.020011] Calibrating delay loop (skipped) preset value.. 6405.40 BogoMIPS (lpj=12810816)
[    0.024005] pid_max: default: 32768 minimum: 301
[    0.028047] Security Framework initialized
[    0.032002] Yama: becoming mindful.
[    0.036040] AppArmor: AppArmor initialized
[    0.040577] Dentry cache hash table entries: 131072 (order: 8, 1048576 bytes)
[    0.044726] Inode-cache hash table entries: 65536 (order: 7, 524288 bytes)
[    0.048038] Mount-cache hash table entries: 2048 (order: 2, 16384 bytes)
[    0.052027] Mountpoint-cache hash table entries: 2048 (order: 2, 16384 bytes)
[    0.057577] Last level iTLB entries: 4KB 64, 2MB 8, 4MB 8
[    0.060002] Last level dTLB entries: 4KB 64, 2MB 0, 4MB 0, 1GB 4
[    0.064019] Spectre V1 : Mitigation: usercopy/swapgs barriers and __user pointer sanitization
[    0.068004] Spectre V2 : Mitigation: Retpolines
[    0.072001] Spectre V2 : Spectre v2 / SpectreRSB mitigation: Filling RSB on context switch
[    0.076003] Spectre V2 : Spectre v2 / SpectreRSB : Filling RSB on VMEXIT
[    0.080002] RETBleed: WARNING: Spectre v2 mitigation leaves CPU vulnerable to RETBleed attacks, data leaks possible!
[    0.084003] RETBleed: Vulnerable
[    0.088002] Speculative Store Bypass: Vulnerable
[    0.092129] MDS: Mitigation: Clear CPU buffers
[    0.095709] MMIO Stale Data: Mitigation: Clear CPU buffers
[    0.100189] Freeing SMP alternatives memory: 36K
[    0.216258] smpboot: CPU0: Intel(R) Xeon(R) W-2140B CPU @ 3.20GHz (family: 0x6, model: 0x55, stepping: 0x4)
[    0.220193] Performance Events: unsupported p6 CPU model 85 no PMU driver, software events only.
[    0.224067] Hierarchical SRCU implementation.
[    0.228390] NMI watchdog: Perf event create on CPU 0 failed with -2
[    0.232002] NMI watchdog: Perf NMI watchdog permanently disabled
[    0.236139] smp: Bringing up secondary CPUs ...
[    0.240136] x86: Booting SMP configuration:
[    0.243034] .... node  #0, CPUs:      #1
[    0.004000] kvm-clock: cpu 1, msr 0:3ff44041, secondary cpu clock
[    0.248059] smp: Brought up 1 node, 2 CPUs
[    0.250896] smpboot: Max logical packages: 1
[    0.252004] smpboot: Total of 2 processors activated (12810.81 BogoMIPS)
[    0.260207] devtmpfs: initialized
[    0.262428] x86/mm: Memory block size: 128MB
[    0.264203] evm: security.selinux
[    0.266590] evm: security.SMACK64
[    0.268001] evm: security.SMACK64EXEC
[    0.272001] evm: security.SMACK64TRANSMUTE
[    0.274979] evm: security.SMACK64MMAP
[    0.276002] evm: security.apparmor
[    0.280001] evm: security.ima
[    0.282236] evm: security.capability
[    0.284163] clocksource: jiffies: mask: 0xffffffff max_cycles: 0xffffffff, max_idle_ns: 7645041785100000 ns
[    0.288010] futex hash table entries: 512 (order: 3, 32768 bytes)
[    0.292096] pinctrl core: initialized pinctrl subsystem
[    0.296226] RTC time: 17:48:46, date: 06/21/23
[    0.300251] NET: Registered protocol family 16
[    0.303393] audit: initializing netlink subsys (disabled)
[    0.304071] audit: type=2000 audit(1687369730.224:1): state=initialized audit_enabled=0 res=1
[    0.308030] cpuidle: using governor ladder
[    0.310888] cpuidle: using governor menu
[    0.312045] ACPI: bus type PCI registered
[    0.316002] acpiphp: ACPI Hot Plug PCI Controller Driver version: 0.5
[    0.320370] PCI: Using configuration type 1 for base access
[    0.328108] HugeTLB registered 2.00 MiB page size, pre-allocated 0 pages
[    0.332179] ACPI: Added _OSI(Module Device)
[    0.336029] ACPI: Added _OSI(Processor Device)
[    0.340008] ACPI: Added _OSI(3.0 _SCP Extensions)
[    0.344002] ACPI: Added _OSI(Processor Aggregator Device)
[    0.348004] ACPI: Added _OSI(Linux-Dell-Video)
[    0.352002] ACPI: Added _OSI(Linux-Lenovo-NV-HDMI-Audio)
[    0.356002] ACPI: Added _OSI(Linux-HPI-Hybrid-Graphics)
[    0.360716] ACPI: Executed 1 blocks of module-level executable AML code
[    0.369715] ACPI: Interpreter enabled
[    0.372011] ACPI: (supports S0 S5)
[    0.374468] ACPI: Using IOAPIC for interrupt routing
[    0.376371] PCI: Using host bridge windows from ACPI; if necessary, use "pci=nocrs" and report a bug
[    0.380248] ACPI: Enabled 2 GPEs in block 00 to 07
[    0.392441] ACPI: PCI Root Bridge [PCI0] (domain 0000 [bus 00-ff])
[    0.396007] acpi PNP0A03:00: _OSC: OS supports [ASPM ClockPM Segments MSI]
[    0.400732] acpi PNP0A03:00: _OSC: not requesting OS control; OS requires [ExtendedConfig ASPM ClockPM MSI]
[    0.404011] acpi PNP0A03:00: fail to add MMCONFIG information, can't access extended PCI configuration space under this bridge.
[    0.408698] PCI host bridge to bus 0000:00
[    0.412003] pci_bus 0000:00: root bus resource [io  0x0000-0x0cf7 window]
[    0.416003] pci_bus 0000:00: root bus resource [io  0x0d00-0xffff window]
[    0.420003] pci_bus 0000:00: root bus resource [mem 0x000a0000-0x000bffff window]
[    0.424003] pci_bus 0000:00: root bus resource [mem 0x40000000-0xfdffffff window]
[    0.428003] pci_bus 0000:00: root bus resource [bus 00-ff]
[    0.439561] pci 0000:00:01.1: legacy IDE quirk: reg 0x10: [io  0x01f0-0x01f7]
[    0.440002] pci 0000:00:01.1: legacy IDE quirk: reg 0x14: [io  0x03f6]
[    0.444003] pci 0000:00:01.1: legacy IDE quirk: reg 0x18: [io  0x0170-0x0177]
[    0.448004] pci 0000:00:01.1: legacy IDE quirk: reg 0x1c: [io  0x0376]
[    0.497151] pci 0000:00:07.0: quirk: [io  0x4000-0x403f] claimed by PIIX4 ACPI
[    0.500035] pci 0000:00:07.0: quirk: [io  0x4100-0x410f] claimed by PIIX4 SMB
[    0.514223] ACPI: PCI Interrupt Link [LNKA] (IRQs 5 9 10 *11)
[    0.516513] ACPI: PCI Interrupt Link [LNKB] (IRQs 5 9 *10 11)
[    0.520193] ACPI: PCI Interrupt Link [LNKC] (IRQs 5 *9 10 11)
[    0.524194] ACPI: PCI Interrupt Link [LNKD] (IRQs 5 9 10 *11)
[    0.528447] SCSI subsystem initialized
[    0.532087] pci 0000:00:02.0: vgaarb: setting as boot VGA device
[    0.536000] pci 0000:00:02.0: vgaarb: VGA device added: decodes=io+mem,owns=io+mem,locks=none
[    0.536004] pci 0000:00:02.0: vgaarb: bridge control possible
[    0.540002] vgaarb: loaded
[    0.544031] ACPI: bus type USB registered
[    0.548023] usbcore: registered new interface driver usbfs
[    0.551776] usbcore: registered new interface driver hub
[    0.552007] usbcore: registered new device driver usb
[    0.556103] EDAC MC: Ver: 3.0.0
[    0.560712] PCI: Using ACPI for IRQ routing
[    0.564695] NetLabel: Initializing
[    0.567128] NetLabel:  domain hash size = 128
[    0.568002] NetLabel:  protocols = UNLABELED CIPSOv4 CALIPSO
[    0.572016] NetLabel:  unlabeled traffic allowed by default
[    0.576132] clocksource: Switched to clocksource kvm-clock
[    0.598590] VFS: Disk quotas dquot_6.6.0
[    0.601519] VFS: Dquot-cache hash table entries: 512 (order 0, 4096 bytes)
[    0.606368] AppArmor: AppArmor Filesystem Enabled
[    0.609749] pnp: PnP ACPI init
[    0.613646] pnp: PnP ACPI: found 3 devices
[    0.634232] clocksource: acpi_pm: mask: 0xffffff max_cycles: 0xffffff, max_idle_ns: 2085701024 ns
[    0.640399] NET: Registered protocol family 2
[    0.643681] IP idents hash table entries: 16384 (order: 5, 131072 bytes)
[    0.648737] TCP established hash table entries: 8192 (order: 4, 65536 bytes)
[    0.653663] TCP bind hash table entries: 8192 (order: 5, 131072 bytes)
[    0.658405] TCP: Hash tables configured (established 8192 bind 8192)
[    0.662969] UDP hash table entries: 512 (order: 2, 16384 bytes)
[    0.667139] UDP-Lite hash table entries: 512 (order: 2, 16384 bytes)
[    0.671599] NET: Registered protocol family 1
[    0.674726] pci 0000:00:00.0: Limiting direct PCI/PCI transfers
[    0.678927] pci 0000:00:01.0: Activating ISA DMA hang workarounds
[    0.683264] pci 0000:00:02.0: Video device with shadowed ROM at [mem 0x000c0000-0x000dffff]
[    0.689281] Unpacking initramfs...
[    0.988111] Freeing initrd memory: 19536K
[    0.991169] clocksource: tsc: mask: 0xffffffffffffffff max_cycles: 0x2e2a445ffdc, max_idle_ns: 440795362258 ns
[    0.998029] platform rtc_cmos: registered platform RTC device (no PNP device found)
[    1.003437] Scanning for low memory corruption every 60 seconds
[    1.008631] Initialise system trusted keyrings
[    1.011760] Key type blacklist registered
[    1.014892] workingset: timestamp_bits=36 max_order=18 bucket_order=0
[    1.020785] zbud: loaded
[    1.023323] squashfs: version 4.0 (2009/01/31) Phillip Lougher
[    1.027841] fuse init (API version 7.26)
[    1.041583] Key type asymmetric registered
[    1.044509] Asymmetric key parser 'x509' registered
[    1.048033] Block layer SCSI generic (bsg) driver version 0.4 loaded (major 246)
[    1.053353] io scheduler noop registered
[    1.056192] io scheduler deadline registered
[    1.059360] io scheduler cfq registered (default)
[    1.063179] ACPI: AC Adapter [AC] (on-line)
[    1.066335] input: Power Button as /devices/LNXSYSTM:00/LNXPWRBN:00/input/input0
[    1.071637] ACPI: Power Button [PWRF]
[    1.074489] input: Sleep Button as /devices/LNXSYSTM:00/LNXSLPBN:00/input/input1
[    1.080122] ACPI: Sleep Button [SLPF]
[    1.083515] Serial: 8250/16550 driver, 32 ports, IRQ sharing enabled
[    1.114871] 00:02: ttyS0 at I/O 0x3f8 (irq = 4, base_baud = 115200) is a 16550A
[    1.126408] Linux agpgart interface v0.103
[    1.133025] loop: module loaded
[    1.137015] scsi host0: ata_piix
[    1.139672] scsi host1: ata_piix
[    1.142153] ata1: PATA max UDMA/33 cmd 0x1f0 ctl 0x3f6 bmdma 0xd000 irq 14
[    1.146846] ata2: PATA max UDMA/33 cmd 0x170 ctl 0x376 bmdma 0xd008 irq 15
[    1.151673] tun: Universal TUN/TAP device driver, 1.6
[    1.156624] PPP generic driver version 2.4.2
[    1.159698] ehci_hcd: USB 2.0 'Enhanced' Host Controller (EHCI) Driver
[    1.164177] ehci-pci: EHCI PCI platform driver
[    1.167285] ehci-platform: EHCI generic platform driver
[    1.170944] ohci_hcd: USB 1.1 'Open' Host Controller (OHCI) Driver
[    1.175211] ohci-pci: OHCI PCI platform driver
[    1.178370] ohci-platform: OHCI generic platform driver
[    1.182033] uhci_hcd: USB Universal Host Controller Interface driver
[    1.186491] i8042: PNP: PS/2 Controller [PNP0303:PS2K,PNP0f03:PS2M] at 0x60,0x64 irq 1,12
[    1.194475] serio: i8042 KBD port at 0x60,0x64 irq 1
[    1.197990] serio: i8042 AUX port at 0x60,0x64 irq 12
[    1.201958] mousedev: PS/2 mouse device common for all mice
[    1.208783] input: AT Translated Set 2 keyboard as /devices/platform/i8042/serio0/input/input2
[    1.214746] rtc_cmos rtc_cmos: rtc core: registered rtc_cmos as rtc0
[    1.220017] rtc_cmos rtc_cmos: alarms up to one day, 114 bytes nvram
[    1.224421] i2c /dev entries driver
[    1.227040] device-mapper: uevent: version 1.0.3
[    1.230549] device-mapper: ioctl: 4.37.0-ioctl (2017-09-20) initialised: dm-devel@redhat.com
[    1.236502] ledtrig-cpu: registered to indicate activity on CPUs
[    1.241701] NET: Registered protocol family 10
[    1.250338] Segment Routing with IPv6
[    1.253090] NET: Registered protocol family 17
[    1.256474] Key type dns_resolver registered
[    1.259891] mce: Using 0 MCE banks
[    1.262477] RAS: Correctable Errors collector initialized.
[    1.266424] sched_clock: Marking stable (1266369621, 0)->(1813106273, -546736652)
[    1.273302] registered taskstats version 1
[    1.276321] Loading compiled-in X.509 certificates
[    1.282657] Loaded X.509 cert 'Build time autogenerated kernel key: 6893c09f03d31bc6e9f3dd5a3a18faae0d596a39'
[    1.289931] Loaded X.509 cert 'Canonical Ltd. Live Patch Signing: 14df34d1a87cf37625abec039ef2bf521249b969'
[    1.296980] Loaded X.509 cert 'Canonical Ltd. Kernel Module Signing: 88f752e560a1e0737e31163a466ad7b70a850c19'
[    1.303807] blacklist: Loading compiled-in revocation X.509 certificates
[    1.308597] Loaded X.509 cert 'Canonical Ltd. Secure Boot Signing: 61482aa2830d0ab2ad5af10b7250da9033ddcef0'
[    1.315794] Loaded X.509 cert 'Canonical Ltd. Secure Boot Signing (2017): 242ade75ac4a15e50d50c84b0d45ff3eae707a03'
[    1.323298] Loaded X.509 cert 'Canonical Ltd. Secure Boot Signing (ESM 2018): 365188c1d374d6b07c3c8f240f8ef722433d6a8b'
[    1.331109] Loaded X.509 cert 'Canonical Ltd. Secure Boot Signing (2019): c0746fd6c5da3ae827864651ad66ae47fe24b3e8'
[    1.338967] Loaded X.509 cert 'Canonical Ltd. Secure Boot Signing (2021 v1): a8d54bbb3825cfb94fa13c9f8a594a195c107b8d'
[    1.346835] Loaded X.509 cert 'Canonical Ltd. Secure Boot Signing (2021 v2): 4cf046892d6fd3c9a5b03f98d845f90851dc6a8c'
[    1.354555] Loaded X.509 cert 'Canonical Ltd. Secure Boot Signing (2021 v3): 100437bb6de6e469b581e61cd66bce3ef4ed53af'
[    1.362311] Loaded X.509 cert 'Canonical Ltd. Secure Boot Signing (Ubuntu Core 2019): c1d57b8f6b743f23ee41f4f7ee292f06eecadfb9'
[    1.370536] zswap: loaded using pool lzo/zbud
[    1.379488] Key type big_key registered
[    1.382264] Key type trusted registered
[    1.387377] Key type encrypted registered
[    1.390300] AppArmor: AppArmor sha1 policy hashing enabled
[    1.394146] ima: No TPM chip found, activating TPM-bypass! (rc=-19)
[    1.398539] ima: Allocated hash algorithm: sha1
[    1.420776] evm: HMAC attrs: 0x1
[    1.423656]   Magic number: 11:170:846
[    1.426861] rtc_cmos rtc_cmos: setting system clock to 2023-06-21 17:48:47 UTC (1687369727)
[    1.432791] BIOS EDD facility v0.16 2004-Jun-25, 0 devices found
[    1.437077] EDD information not available.
[    1.443489] Freeing unused kernel image memory: 2480K
[    1.456894] Write protecting the kernel read-only data: 20480k
[    1.461593] Freeing unused kernel image memory: 2008K
[    1.465424] Freeing unused kernel image memory: 1820K
[    1.474186] x86/mm: Checked W+X mappings: passed, no W+X pages found.
[    1.478615] x86/mm: Checking user space page tables
[    1.487166] x86/mm: Checked W+X mappings: passed, no W+X pages found.
Loading, please wait...
starting version 237
[    1.558085] e1000: Intel(R) PRO/1000 Network Driver - version 7.3.21-k8-NAPI
[    1.563123] e1000: Copyright (c) 1999-2006 Intel Corporation.
[    1.579264] Fusion MPT base driver 3.04.20
[    1.582862] Copyright (c) 1999-2008 LSI Corporation
[    1.602630] AVX2 version of gcm_enc/dec engaged.
[    1.606346] AES CTR mode by8 optimization enabled
[    1.614388] Fusion MPT SPI Host driver 3.04.20
[    1.827774] input: ImExPS/2 Generic Explorer Mouse as /devices/platform/i8042/serio1/input/input4
[    2.107845] e1000 0000:00:03.0 eth0: (PCI:33MHz:32-bit) 02:ce:cf:1b:c9:4b
[    2.112510] e1000 0000:00:03.0 eth0: Intel(R) PRO/1000 Network Connection
[    2.119218] e1000 0000:00:03.0 enp0s3: renamed from eth0
[    2.119274] mptbase: ioc0: Initiating bringup
[    2.237618] ioc0: LSI53C1030 A0: Capabilities={Initiator}
[    2.485113] scsi host2: ioc0: LSI53C1030 A0, FwRev=00000000h, Ports=1, MaxQ=256, IRQ=20
[    2.653019] scsi 2:0:0:0: Direct-Access     VBOX     HARDDISK         1.0  PQ: 0 ANSI: 5
[    2.692183] scsi target2:0:0: Beginning Domain Validation
[    2.698971] scsi target2:0:0: Domain Validation skipping write tests
[    2.703409] scsi target2:0:0: Ending Domain Validation
[    2.707166] scsi target2:0:0: asynchronous
[    2.711047] scsi 2:0:1:0: Direct-Access     VBOX     HARDDISK         1.0  PQ: 0 ANSI: 5
[    2.748063] scsi target2:0:1: Beginning Domain Validation
[    2.754929] scsi target2:0:1: Domain Validation skipping write tests
[    2.759353] scsi target2:0:1: Ending Domain Validation
[    2.763154] scsi target2:0:1: asynchronous
[    2.772629] sd 2:0:0:0: [sda] 83886080 512-byte logical blocks: (42.9 GB/40.0 GiB)
[    2.778250] sd 2:0:0:0: [sda] Write Protect is off
[    2.781767] sd 2:0:0:0: Attached scsi generic sg0 type 0
[    2.785876] sd 2:0:0:0: [sda] Incomplete mode parameter data
[    2.789965] sd 2:0:0:0: [sda] Assuming drive cache: write through
[    2.792582] sd 2:0:1:0: Attached scsi generic sg1 type 0
[    2.799008] sd 2:0:1:0: [sdb] 20480 512-byte logical blocks: (10.5 MB/10.0 MiB)
[    2.801158]  sda: sda1
[    2.806964] sd 2:0:1:0: [sdb] Write Protect is off
[    2.808625] sd 2:0:0:0: [sda] Attached SCSI disk
[    2.814673] sd 2:0:1:0: [sdb] Incomplete mode parameter data
[    2.818935] sd 2:0:1:0: [sdb] Assuming drive cache: write through
[    2.828446] sd 2:0:1:0: [sdb] Attached SCSI disk
Begin: Loading essential drivers ... [    4.860215] raid6: sse2x1   gen() 13054 MB/s
[    4.908244] raid6: sse2x1   xor()  9409 MB/s
[    4.956589] raid6: sse2x2   gen() 15978 MB/s
[    5.004398] raid6: sse2x2   xor() 10824 MB/s
[    5.052712] raid6: sse2x4   gen() 18238 MB/s
[    5.100267] raid6: sse2x4   xor() 10861 MB/s
[    5.148050] raid6: avx2x1   gen() 25024 MB/s
[    5.197014] raid6: avx2x1   xor() 18524 MB/s
[    5.246024] raid6: avx2x2   gen() 30113 MB/s
[    5.296683] raid6: avx2x2   xor() 20061 MB/s
[    5.344041] raid6: avx2x4   gen() 35658 MB/s
[    5.392006] raid6: avx2x4   xor() 18932 MB/s
[    5.395109] raid6: using algorithm avx2x4 gen() 35658 MB/s
[    5.398985] raid6: .... xor() 18932 MB/s, rmw enabled
[    5.402568] raid6: using avx2x2 recovery algorithm
[    5.407191] xor: automatically using best checksumming function   avx       
[    5.413138] async_tx: api initialized (async)
done.
Begin: Running /scripts/init-premount ... done.
Begin: Mounting root file system ... Begin: Running /scripts/local-top ... done.
Begin: Running /scripts/local-premount ... [    5.467582] Btrfs loaded, crc32c=crc32c-intel
Scanning for Btrfs filesystems
done.
Warning: fsck not present, so skipping root file system
[    5.503545] EXT4-fs (sda1): mounted filesystem with ordered data mode. Opts: (null)
done.
Begin: Running /scripts/local-bottom ... done.
Begin: Running /scripts/init-bottom ... done.
[    5.679018] ip_tables: (C) 2000-2006 Netfilter Core Team
[    5.691752] systemd[1]: systemd 237 running in system mode. (+PAM +AUDIT +SELINUX +IMA +APPARMOR +SMACK +SYSVINIT +UTMP +LIBCRYPTSETUP +GCRYPT +GNUTLS +ACL +XZ +LZ4 +SECCOMP +BLKID +ELFUTILS +KMOD -IDN2 +IDN -PCRE2 default-hierarchy=hybrid)
[    5.705832] systemd[1]: Detected virtualization oracle.
[    5.709496] systemd[1]: Detected architecture x86-64.

Welcome to [1mUbuntu 18.04.6 LTS[0m!

[    5.729378] systemd[1]: Set hostname to <ubuntu-bionic>.
[    5.981923] systemd[1]: Created slice User and Session Slice.
[[0;32m  OK  [0m] Created slice User and Session Slice.
[    5.989152] systemd[1]: Started Forward Password Requests to Wall Directory Watch.
[[0;32m  OK  [0m] Started Forward Password Requests to Wall Directory Watch.
[    5.998273] systemd[1]: Set up automount Arbitrary Executable File Formats File System Automount Point.
[[0;32m  OK  [0m] Set up automount Arbitrary Executab…rmats File System Automount Point.
[    6.008776] systemd[1]: Reached target User and Group Name Lookups.
[[0;32m  OK  [0m] Reached target User and Group Name Lookups.
[    6.016618] systemd[1]: Reached target System Time Synchronized.
[[0;32m  OK  [0m] Reached target System Time Synchronized.
[    6.024098] systemd[1]: Reached target Mounting snaps.
[[0;32m  OK  [0m] Reached target Mounting snaps.
[[0;32m  OK  [0m] Reached target Mounted snaps.
[[0;32m  OK  [0m] Reached target Swap.
[[0;32m  OK  [0m] Created slice System Slice.
[[0;32m  OK  [0m] Listening on udev Control Socket.
[[0;32m  OK  [0m] Listening on Journal Audit Socket.
[[0;32m  OK  [0m] Listening on Journal Socket.
         Starting Uncomplicated firewall...
[[0;32m  OK  [0m] Reached target Slices.
[[0;32m  OK  [0m] Listening on fsck to fsckd communication Socket.
         Mounting Huge Pages File System...
[[0;32m  OK  [0m] Listening on LVM2 metadata daemon socket.
         Starting File System Check on Root Device...
         Starting Load Kernel Modules...
[[0;32m  OK  [0m] Created slice system-serial\x2dgetty.slice.
         Mounting POSIX Message Queue File System...
         Mounting Kernel Debug File System...
         Starting Create list of required st…ce nodes for the current kernel...
         Starting Set the console keyboard layout...
[[0;32m  OK  [0m] Listening on udev Kernel Socket.
         Starting udev Coldplug all Devices...
[    6.104233] Loading iSCSI transport class v2.0-870.
[[0;32m  OK  [0m] Listening on Device-mapper event daemon FIFOs.
         Starting Monitoring of LVM2 mirrors…ng dmeventd or progress polling...
[[0;32m  OK  [0m] Listening on /dev/initctl Compatibility Named Pipe.
[[0;32m  OK  [0m] Listening on Network Service Netlink Socket.
[[0;32m  OK  [0m] Listening on Syslog Socket.
[[0;32m  OK  [0m] Listening on LVM2 poll daemon socket.
[[0;32m  OK  [0m] Listening on Journal Socket (/dev/log).
         Starting Journal Service...
[    6.151250] iscsi: registered transport (tcp)
[[0;32m  OK  [0m] Started Uncomplicated firewall.
[[0;32m  OK  [0m] Mounted Huge Pages File System.
[[0;32m  OK  [0m] Started File System Check on Root Device.
[[0;32m  OK  [0m] Mounted POSIX Message Queue File System.
[[0;32m  OK  [0m] Mounted Kernel Debug File System.
[[0;32m  OK  [0m] Started Create list of required sta…vice nodes for the current kernel.
[[0;32m  OK  [0m] Started File System Check Daemon to report status.
         Starting Create Static Device Nodes in /dev...
         Starting Remount Root and Kernel File Systems...
[[0;32m  OK  [0m] Started udev Coldplug all Devices.
[[0;32m  OK  [0m] Started Journal Service.[    6.235852] iscsi: registered transport (iser)

[[0;32m  OK  [0m] Started Load Kernel Modules.
         Starting Apply Kernel Variables...
         Mounting FUSE Control File System...
         Mounting Kernel Configuration File System...
[[0;32m  OK  [0m] Mounted FUSE Control File System.
[[0;32m  OK  [0m] Mounted Kernel Configuration File System.
[[0;32m  OK  [0m] Started Create Static Device Nodes in /dev.
[[0;32m  OK  [0m] Started LVM2 metadata daemon.
[[0;32m  OK  [0m] Started Remount Root and Kernel File Systems.
         Starting Load/Save Random Seed...
         Starting Flush Journal to Persistent Storage...
         Starting udev Kernel Device Manager...
[[0;32m  OK  [0m] Started Set the console keyboard layout.
[[0;32m  OK  [0m] Started Apply Kernel Variables.
[[0;32m  OK  [0m] Started Load/Save Random Seed.
[[0;32m  OK  [0m] Started Monitoring of LVM2 mirrors,…sing dmeventd or progress polling.
[[0;32m  OK  [0m] Reached target Local File Systems (Pre).
[[0;32m  OK  [0m] Reached target Local File Systems.
         Starting AppArmor initialization...
         Starting Tell Plymouth To Write Out Runtime Data...
         Starting Set console font and keymap...
         Starting ebtables ruleset management...
[[0;32m  OK  [0m] Started udev Kernel Device Manager.
[[0;32m  OK  [0m] Started Dispatch Password Requests to Console Directory Watch.
[[0;32m  OK  [0m] Reached target Local Encrypted Volumes.
[[0;32m  OK  [0m] Started Tell Plymouth To Write Out Runtime Data.
[[0;32m  OK  [0m] Started Set console font and keymap.
[[0;32m  OK  [0m] Started Flush Journal to Persistent Storage.
         Starting Create Volatile Files and Directories...
[[0;32m  OK  [0m] Started Create Volatile Files and Directories.
         Starting Update UTMP about System Boot/Shutdown...
[[0;32m  OK  [0m] Started ebtables ruleset management.
[[0;32m  OK  [0m] Started Update UTMP about System Boot/Shutdown.
[[0;32m  OK  [0m] Found device /dev/ttyS0.
[[0;32m  OK  [0m] Listening on Load/Save RF Kill Switch Status /dev/rfkill Watch.
[[0;32m  OK  [0m] Started AppArmor initialization.
         Mounting Arbitrary Executable File Formats File System...
         Starting Load AppArmor profiles managed internally by snapd...
         Starting Initial cloud-init job (pre-networking)...
[[0;32m  OK  [0m] Mounted Arbitrary Executable File Formats File System.
[[0;32m  OK  [0m] Started Load AppArmor profiles managed internally by snapd.
[    8.084183] cloud-init[579]: Cloud-init v. 23.1.2-0ubuntu0~18.04.1 running 'init-local' at Wed, 21 Jun 2023 17:48:53 +0000. Up 7.91 seconds.
[[0;32m  OK  [0m] Started Initial cloud-init job (pre-networking).
[[0;32m  OK  [0m] Reached target Network (Pre).
         Starting Network Service...
[[0;32m  OK  [0m] Started Network Service.
         Starting Network Name Resolution...
         Starting Wait for Network to be Configured...
[[0;32m  OK  [0m] Started Network Name Resolution.
[[0;32m  OK  [0m] Reached target Host and Network Name Lookups.
[[0;32m  OK  [0m] Reached target Network.
[[0;32m  OK  [0m] Started Wait for Network to be Configured.
         Starting Initial cloud-init job (metadata service crawler)...
[   10.110242] cloud-init[683]: Cloud-init v. 23.1.2-0ubuntu0~18.04.1 running 'init' at Wed, 21 Jun 2023 17:48:56 +0000. Up 9.97 seconds.
[   10.113868] cloud-init[683]: ci-info: ++++++++++++++++++++++++++++++++++++++Net device info++++++++++++++++++++++++++++++++++++++
[   10.117345] cloud-init[683]: ci-info: +--------+------+----------------------------+---------------+--------+-------------------+
[   10.120677] cloud-init[683]: ci-info: | Device |  Up  |          Address           |      Mask     | Scope  |     Hw-Address    |
[   10.123985] cloud-init[683]: ci-info: +--------+------+----------------------------+---------------+--------+-------------------+
[   10.127371] cloud-init[683]: ci-info: | enp0s3 | True |         10.0.2.15          | 255.255.255.0 | global | 02:ce:cf:1b:c9:4b |
[   10.130658] cloud-init[683]: ci-info: | enp0s3 | True | fe80::ce:cfff:fe1b:c94b/64 |       .       |  link  | 02:ce:cf:1b:c9:4b |
[   10.134089] cloud-init[683]: ci-info: |   lo   | True |         127.0.0.1          |   255.0.0.0   |  host  |         .         |
[   10.137595] cloud-init[683]: ci-info: |   lo   | True |          ::1/128           |       .       |  host  |         .         |
[   10.140934] cloud-init[683]: ci-info: +--------+------+----------------------------+---------------+--------+-------------------+
[   10.144245] cloud-init[683]: ci-info: ++++++++++++++++++++++++++++Route IPv4 info+++++++++++++++++++++++++++++
[   10.147284] cloud-init[683]: ci-info: +-------+-------------+----------+-----------------+-----------+-------+
[   10.150127] cloud-init[683]: ci-info: | Route | Destination | Gateway  |     Genmask     | Interface | Flags |
[   10.153024] cloud-init[683]: ci-info: +-------+-------------+----------+-----------------+-----------+-------+
[   10.156251] cloud-init[683]: ci-info: |   0   |   0.0.0.0   | 10.0.2.2 |     0.0.0.0     |   enp0s3  |   UG  |
[   10.159498] cloud-init[683]: ci-info: |   1   |   10.0.2.0  | 0.0.0.0  |  255.255.255.0  |   enp0s3  |   U   |
[   10.162748] cloud-init[683]: ci-info: |   2   |   10.0.2.2  | 0.0.0.0  | 255.255.255.255 |   enp0s3  |   UH  |
[   10.165852] cloud-init[683]: ci-info: +-------+-------------+----------+-----------------+-----------+-------+
[   10.168850] cloud-init[683]: ci-info: +++++++++++++++++++Route IPv6 info+++++++++++++++++++
[   10.171285] cloud-init[683]: ci-info: +-------+-------------+---------+-----------+-------+
[   10.173855] cloud-init[683]: ci-info: | Route | Destination | Gateway | Interface | Flags |
[   10.176373] cloud-init[683]: ci-info: +-------+-------------+---------+-----------+-------+
[   10.178838] cloud-init[683]: ci-info: |   1   |  fe80::/64  |    ::   |   enp0s3  |   U   |
[   10.181273] cloud-init[683]: ci-info: |   3   |    local    |    ::   |   enp0s3  |   U   |
[   10.183696] cloud-init[683]: ci-info: |   4   |   ff00::/8  |    ::   |   enp0s3  |   U   |
[   10.186252] cloud-init[683]: ci-info: +-------+-------------+---------+-----------+-------+
[[0;32m  OK  [0m] Started Initial cloud-init job (metadata service crawler).
[[0;32m  OK  [0m] Reached target Cloud-config availability.
[[0;32m  OK  [0m] Reached target System Initialization.
[[0;32m  OK  [0m] Started Daily Cleanup of Temporary Directories.
         Starting Docker Socket for the API.
[[0;32m  OK  [0m] Started Discard unused blocks once a week.
[[0;32m  OK  [0m] Listening on UUID daemon activation socket.
[[0;32m  OK  [0m] Started Ubuntu Advantage Timer for running repeated jobs.
[[0;32m  OK  [0m] Started Daily apt download activities.
[[0;32m  OK  [0m] Started Daily apt upgrade and clean activities.
[[0;32m  OK  [0m] Listening on D-Bus System Message Bus Socket.
         Starting Socket activation for snappy daemon.
         Starting LXD - unix socket.
[[0;32m  OK  [0m] Started Message of the Day.
[[0;32m  OK  [0m] Reached target Timers.
[[0;32m  OK  [0m] Listening on Open-iSCSI iscsid Socket.
[[0;32m  OK  [0m] Started ACPI Events Check.
[[0;32m  OK  [0m] Reached target Paths.
[[0;32m  OK  [0m] Listening on ACPID Listen Socket.
[[0;32m  OK  [0m] Listening on cloud-init hotplug hook socket.
[[0;32m  OK  [0m] Reached target Network is Online.
         Starting Availability of block devices...
[[0;32m  OK  [0m] Reached target Remote File Systems (Pre).
         Mounting /vagrant...
[[0;32m  OK  [0m] Listening on Docker Socket for the API.
[[0;32m  OK  [0m] Listening on Socket activation for snappy daemon.
[[0;32m  OK  [0m] Listening on LXD - unix socket.
[[0;32m  OK  [0m] Reached target Sockets.
[[0;32m  OK  [0m] Reached target Basic System.
[[0;32m  OK  [0m] Started FUSE filesystem for LXC.
         Starting Virtualbox guest utils...
         Starting Accounts Service...
[[0;32m  OK  [0m] Started Deferred execution scheduler.
[[0;32m  OK  [0m] Started irqbalance daemon.
         Starting Login Service...
         Starting System Logging Service...
         Starting Dispatcher daemon for systemd-networkd...
[[0;32m  OK  [0m] Reached target Login Prompts (Pre).
         Starting OpenBSD Secure Shell server...
         Starting LXD - container startup/shutdown...
[[0;32m  OK  [0m] Started Regular background program processing daemon.
[[0;32m  OK  [0m] Started D-Bus System Message Bus.
[[0;32m  OK  [0m] Started Login Service.
[[0;32m  OK  [0m] Started Unattended Upgrades Shutdown.
         Starting containerd container runtime...
         Starting LSB: Record successful boot for GRUB...
         Starting Snap Daemon...
[[0;32m  OK  [0m] Started System Logging Service.
[[0;32m  OK  [0m] Started Availability of block devices.
[[0;32m  OK  [0m] Mounted /vagrant.
[[0;32m  OK  [0m] Started LXD - container startup/shutdown.
[[0;32m  OK  [0m] Started OpenBSD Secure Shell server.
[[0;32m  OK  [0m] Reached target Remote File Systems.
         Starting LSB: automatic crash report generation...
         Starting Permit User Sessions...
[[0;32m  OK  [0m] Started Permit User Sessions.
         Starting Terminate Plymouth Boot Screen...
         Starting Hold until boot process finishes up...
         Starting Authorization Manager...
[[0;32m  OK  [0m] Started Hold until boot process finishes up.
[[0;32m  OK  [0m] Started Serial Getty on ttyS0.
         Starting Set console scheme...
[[0;32m  OK  [0m] Started Terminate Plymouth Boot Screen.
[[0;32m  OK  [0m] Started Virtualbox guest utils.
[[0;32m  OK  [0m] Started Authorization Manager.
[[0;32m  OK  [0m] Started Accounts Service.
[[0;32m  OK  [0m] Started Set console scheme.
[[0;32m  OK  [0m] Created slice system-getty.slice.
[[0;32m  OK  [0m] Started Getty on tty1.
[[0;32m  OK  [0m] Reached target Login Prompts.
[[0;32m  OK  [0m] Started LSB: automatic crash report generation.
[[0;32m  OK  [0m] Started LSB: Record successful boot for GRUB.
[[0;32m  OK  [0m] Started Dispatcher daemon for systemd-networkd.
[[0;32m  OK  [0m] Started containerd container runtime.
         Starting Docker Application Container Engine...
[[0;32m  OK  [0m] Started Snap Daemon.
         Starting Wait until snapd is fully seeded...
[[0;32m  OK  [0m] Created slice User Slice of vagrant.
         Starting Time & Date Service...
[[0;32m  OK  [0m] Started Session 1 of user vagrant.
         Starting User Manager for UID 1000...
[[0;32m  OK  [0m] Started Time & Date Service.
[[0;32m  OK  [0m] Started Wait until snapd is fully seeded.
         Starting Apply the settings specified in cloud-config...
[[0;32m  OK  [0m] Started User Manager for UID 1000.
[   12.939095] cloud-init[1203]: Cloud-init v. 23.1.2-0ubuntu0~18.04.1 running 'modules:config' at Wed, 21 Jun 2023 17:48:58 +0000. Up 12.72 seconds.
[[0;32m  OK  [0m] Started Apply the settings specified in cloud-config.
         Stopping User Manager for UID 1000...
[[0;32m  OK  [0m] Stopped User Manager for UID 1000.
[[0;32m  OK  [0m] Removed slice User Slice of vagrant.
[   16.779777] cloud-init[1955]: Cloud-init v. 23.1.2-0ubuntu0~18.04.1 running 'modules:final' at Wed, 21 Jun 2023 17:49:02 +0000. Up 16.65 seconds.
[   16.779996] cloud-init[1955]: Cloud-init v. 23.1.2-0ubuntu0~18.04.1 finished at Wed, 21 Jun 2023 17:49:02 +0000. Datasource DataSourceNoCloud [seed=/dev/sdb][dsmode=net].  Up 16.77 seconds

Ubuntu 18.04.6 LTS ubuntu-bionic ttyS0

ubuntu-bionic login: 