[    0.000000] Linux version 4.15.0-211-generic (buildd@lcy02-amd64-047) (gcc version 7.5.0 (Ubuntu 7.5.0-3ubuntu1~18.04)) #222-Ubuntu SMP Tue Apr 18 18:55:06 UTC 2023 (Ubuntu 4.15.0-211.222-generic 4.15.18)
[    0.000000] Command line: BOOT_IMAGE=/boot/vmlinuz-4.15.0-211-generic root=LABEL=cloudimg-rootfs ro console=tty1 console=ttyS0
[    0.000000] KERNEL supported cpus:
[    0.000000]   Intel GenuineIntel
[    0.000000]   AMD AuthenticAMD
[    0.000000]   Centaur CentaurHauls
[    0.000000] x86/fpu: Supporting XSAVE feature 0x001: 'x87 floating point registers'
[    0.000000] x86/fpu: Supporting XSAVE feature 0x002: 'SSE registers'
[    0.000000] x86/fpu: Supporting XSAVE feature 0x004: 'AVX registers'
[    0.000000] x86/fpu: xstate_offset[2]:  576, xstate_sizes[2]:  256
[    0.000000] x86/fpu: Enabled xstate features 0x7, context size is 832 bytes, using 'standard' format.
[    0.000000] e820: BIOS-provided physical RAM map:
[    0.000000] BIOS-e820: [mem 0x0000000000000000-0x000000000009fbff] usable
[    0.000000] BIOS-e820: [mem 0x000000000009fc00-0x000000000009ffff] reserved
[    0.000000] BIOS-e820: [mem 0x00000000000f0000-0x00000000000fffff] reserved
[    0.000000] BIOS-e820: [mem 0x0000000000100000-0x000000003ffeffff] usable
[    0.000000] BIOS-e820: [mem 0x000000003fff0000-0x000000003fffffff] ACPI data
[    0.000000] BIOS-e820: [mem 0x00000000fec00000-0x00000000fec00fff] reserved
[    0.000000] BIOS-e820: [mem 0x00000000fee00000-0x00000000fee00fff] reserved
[    0.000000] BIOS-e820: [mem 0x00000000fffc0000-0x00000000ffffffff] reserved
[    0.000000] NX (Execute Disable) protection: active
[    0.000000] SMBIOS 2.5 present.
[    0.000000] DMI: innotek GmbH VirtualBox/VirtualBox, BIOS VirtualBox 12/01/2006
[    0.000000] Hypervisor detected: KVM
[    0.000000] e820: last_pfn = 0x3fff0 max_arch_pfn = 0x400000000
[    0.000000] MTRR: Disabled
[    0.000000] x86/PAT: MTRRs disabled, skipping PAT initialization too.
[    0.000000] CPU MTRRs all blank - virtualized system.
[    0.000000] x86/PAT: Configuration [0-7]: WB  WT  UC- UC  WB  WT  UC- UC  
[    0.000000] found SMP MP-table at [mem 0x0009fff0-0x0009ffff]
[    0.000000] Scanning 1 areas for low memory corruption
[    0.000000] RAMDISK: [mem 0x359c7000-0x36cdafff]
[    0.000000] ACPI: Early table checksum verification disabled
[    0.000000] ACPI: RSDP 0x00000000000E0000 000024 (v02 VBOX  )
[    0.000000] ACPI: XSDT 0x000000003FFF0030 00003C (v01 VBOX   VBOXXSDT 00000001 ASL  00000061)
[    0.000000] ACPI: FACP 0x000000003FFF00F0 0000F4 (v04 VBOX   VBOXFACP 00000001 ASL  00000061)
[    0.000000] ACPI: DSDT 0x000000003FFF0610 002353 (v02 VBOX   VBOXBIOS 00000002 INTL 20210930)
[    0.000000] ACPI: FACS 0x000000003FFF0200 000040
[    0.000000] ACPI: FACS 0x000000003FFF0200 000040
[    0.000000] ACPI: APIC 0x000000003FFF0240 00005C (v02 VBOX   VBOXAPIC 00000001 ASL  00000061)
[    0.000000] ACPI: SSDT 0x000000003FFF02A0 00036C (v01 VBOX   VBOXCPUT 00000002 INTL 20210930)
[    0.000000] ACPI: Reserving FACP table memory at [mem 0x3fff00f0-0x3fff01e3]
[    0.000000] ACPI: Reserving DSDT table memory at [mem 0x3fff0610-0x3fff2962]
[    0.000000] ACPI: Reserving FACS table memory at [mem 0x3fff0200-0x3fff023f]
[    0.000000] ACPI: Reserving FACS table memory at [mem 0x3fff0200-0x3fff023f]
[    0.000000] ACPI: Reserving APIC table memory at [mem 0x3fff0240-0x3fff029b]
[    0.000000] ACPI: Reserving SSDT table memory at [mem 0x3fff02a0-0x3fff060b]
[    0.000000] No NUMA configuration found
[    0.000000] Faking a node at [mem 0x0000000000000000-0x000000003ffeffff]
[    0.000000] NODE_DATA(0) allocated [mem 0x3ffc5000-0x3ffeffff]
[    0.000000] kvm-clock: cpu 0, msr 0:3ff44001, primary cpu clock
[    0.000000] kvm-clock: Using msrs 4b564d01 and 4b564d00
[    0.000000] kvm-clock: using sched offset of 3256168020 cycles
[    0.000000] clocksource: kvm-clock: mask: 0xffffffffffffffff max_cycles: 0x1cd42e4dffb, max_idle_ns: 881590591483 ns
[    0.000000] Zone ranges:
[    0.000000]   DMA      [mem 0x0000000000001000-0x0000000000ffffff]
[    0.000000]   DMA32    [mem 0x0000000001000000-0x000000003ffeffff]
[    0.000000]   Normal   empty
[    0.000000]   Device   empty
[    0.000000] Movable zone start for each node
[    0.000000] Early memory node ranges
[    0.000000]   node   0: [mem 0x0000000000001000-0x000000000009efff]
[    0.000000]   node   0: [mem 0x0000000000100000-0x000000003ffeffff]
[    0.000000] Reserved but unavailable: 104 pages
[    0.000000] Initmem setup node 0 [mem 0x0000000000001000-0x000000003ffeffff]
[    0.000000] ACPI: PM-Timer IO Port: 0x4008
[    0.000000] IOAPIC[0]: apic_id 2, version 32, address 0xfec00000, GSI 0-23
[    0.000000] ACPI: INT_SRC_OVR (bus 0 bus_irq 0 global_irq 2 dfl dfl)
[    0.000000] ACPI: INT_SRC_OVR (bus 0 bus_irq 9 global_irq 9 low level)
[    0.000000] Using ACPI (MADT) for SMP configuration information
[    0.000000] smpboot: Allowing 2 CPUs, 0 hotplug CPUs
[    0.000000] PM: Registered nosave memory: [mem 0x00000000-0x00000fff]
[    0.000000] PM: Registered nosave memory: [mem 0x0009f000-0x0009ffff]
[    0.000000] PM: Registered nosave memory: [mem 0x000a0000-0x000effff]
[    0.000000] PM: Registered nosave memory: [mem 0x000f0000-0x000fffff]
[    0.000000] e820: [mem 0x40000000-0xfebfffff] available for PCI devices
[    0.000000] Booting paravirtualized kernel on KVM
[    0.000000] clocksource: refined-jiffies: mask: 0xffffffff max_cycles: 0xffffffff, max_idle_ns: 7645519600211568 ns
[    0.000000] setup_percpu: NR_CPUS:8192 nr_cpumask_bits:2 nr_cpu_ids:2 nr_node_ids:1
[    0.000000] percpu: Embedded 50 pages/cpu s167936 r8192 d28672 u1048576
[    0.000000] PV qspinlock hash table entries: 256 (order: 0, 4096 bytes)
[    0.000000] Built 1 zonelists, mobility grouping on.  Total pages: 257913
[    0.000000] Policy zone: DMA32
[    0.000000] Kernel command line: BOOT_IMAGE=/boot/vmlinuz-4.15.0-211-generic root=LABEL=cloudimg-rootfs ro console=tty1 console=ttyS0
[    0.000000] Memory: 982636K/1048120K available (12300K kernel code, 2477K rwdata, 4324K rodata, 2480K init, 2720K bss, 65484K reserved, 0K cma-reserved)
[    0.000000] SLUB: HWalign=64, Order=0-3, MinObjects=0, CPUs=2, Nodes=1
[    0.000000] Kernel/User page tables isolation: enabled
[    0.000000] ftrace: allocating 39508 entries in 155 pages
[    0.004000] Hierarchical RCU implementation.
[    0.004000] 	RCU restricting CPUs from NR_CPUS=8192 to nr_cpu_ids=2.
[    0.004000] 	Tasks RCU enabled.
[    0.004000] RCU: Adjusting geometry for rcu_fanout_leaf=16, nr_cpu_ids=2
[    0.004000] NR_IRQS: 524544, nr_irqs: 440, preallocated irqs: 16
[    0.004000] random: crng init done
[    0.004000] Console: colour VGA+ 80x25
[    0.004000] console [tty1] enabled
[    0.004000] console [ttyS0] enabled
[    0.004000] ACPI: Core revision 20170831
[    0.004000] ACPI: 2 ACPI AML tables successfully acquired and loaded
[    0.004000] APIC: Switch to symmetric I/O mode setup
[    0.004982] x2apic enabled
[    0.008021] Switched APIC routing to physical x2apic.
[    0.016000] ..TIMER: vector=0x30 apic1=0 pin1=2 apic2=-1 pin2=-1
[    0.016002] tsc: Detected 3205.014 MHz processor
[    0.020009] Calibrating delay loop (skipped) preset value.. 6410.02 BogoMIPS (lpj=12820056)
[    0.024002] pid_max: default: 32768 minimum: 301
[    0.028037] Security Framework initialized
[    0.032002] Yama: becoming mindful.
[    0.036037] AppArmor: AppArmor initialized
[    0.040733] Dentry cache hash table entries: 131072 (order: 8, 1048576 bytes)
[    0.044693] Inode-cache hash table entries: 65536 (order: 7, 524288 bytes)
[    0.048035] Mount-cache hash table entries: 2048 (order: 2, 16384 bytes)
[    0.052024] Mountpoint-cache hash table entries: 2048 (order: 2, 16384 bytes)
[    0.057541] Last level iTLB entries: 4KB 64, 2MB 8, 4MB 8
[    0.060002] Last level dTLB entries: 4KB 64, 2MB 0, 4MB 0, 1GB 4
[    0.064021] Spectre V1 : Mitigation: usercopy/swapgs barriers and __user pointer sanitization
[    0.068002] Spectre V2 : Mitigation: Retpolines
[    0.071268] Spectre V2 : Spectre v2 / SpectreRSB mitigation: Filling RSB on context switch
[    0.072001] Spectre V2 : Spectre v2 / SpectreRSB : Filling RSB on VMEXIT
[    0.076001] RETBleed: WARNING: Spectre v2 mitigation leaves CPU vulnerable to RETBleed attacks, data leaks possible!
[    0.080001] RETBleed: Vulnerable
[    0.082452] Speculative Store Bypass: Vulnerable
[    0.084097] MDS: Mitigation: Clear CPU buffers
[    0.088001] MMIO Stale Data: Mitigation: Clear CPU buffers
[    0.092178] Freeing SMP alternatives memory: 36K
[    0.209479] smpboot: CPU0: Intel(R) Xeon(R) W-2140B CPU @ 3.20GHz (family: 0x6, model: 0x55, stepping: 0x4)
[    0.212190] Performance Events: unsupported p6 CPU model 85 no PMU driver, software events only.
[    0.216070] Hierarchical SRCU implementation.
[    0.221157] NMI watchdog: Perf event create on CPU 0 failed with -2
[    0.224002] NMI watchdog: Perf NMI watchdog permanently disabled
[    0.228139] smp: Bringing up secondary CPUs ...
[    0.232332] x86: Booting SMP configuration:
[    0.235210] .... node  #0, CPUs:      #1
[    0.004000] kvm-clock: cpu 1, msr 0:3ff44041, secondary cpu clock
[    0.244021] smp: Brought up 1 node, 2 CPUs
[    0.246836] smpboot: Max logical packages: 1
[    0.248003] smpboot: Total of 2 processors activated (12820.05 BogoMIPS)
[    0.252203] devtmpfs: initialized
[    0.254389] x86/mm: Memory block size: 128MB
[    0.256201] evm: security.selinux
[    0.258606] evm: security.SMACK64
[    0.260002] evm: security.SMACK64EXEC
[    0.262549] evm: security.SMACK64TRANSMUTE
[    0.264002] evm: security.SMACK64MMAP
[    0.266568] evm: security.apparmor
[    0.268001] evm: security.ima
[    0.270145] evm: security.capability
[    0.272159] clocksource: jiffies: mask: 0xffffffff max_cycles: 0xffffffff, max_idle_ns: 7645041785100000 ns
[    0.276031] futex hash table entries: 512 (order: 3, 32768 bytes)
[    0.280000] pinctrl core: initialized pinctrl subsystem
[    0.284222] RTC time: 19:32:45, date: 06/21/23
[    0.288190] NET: Registered protocol family 16
[    0.291308] audit: initializing netlink subsys (disabled)
[    0.292069] audit: type=2000 audit(1687375969.793:1): state=initialized audit_enabled=0 res=1
[    0.296005] cpuidle: using governor ladder
[    0.300005] cpuidle: using governor menu
[    0.302760] ACPI: bus type PCI registered
[    0.304002] acpiphp: ACPI Hot Plug PCI Controller Driver version: 0.5
[    0.308354] PCI: Using configuration type 1 for base access
[    0.316115] HugeTLB registered 2.00 MiB page size, pre-allocated 0 pages
[    0.320153] ACPI: Added _OSI(Module Device)
[    0.322979] ACPI: Added _OSI(Processor Device)
[    0.324022] ACPI: Added _OSI(3.0 _SCP Extensions)
[    0.328007] ACPI: Added _OSI(Processor Aggregator Device)
[    0.332002] ACPI: Added _OSI(Linux-Dell-Video)
[    0.336002] ACPI: Added _OSI(Linux-Lenovo-NV-HDMI-Audio)
[    0.340002] ACPI: Added _OSI(Linux-HPI-Hybrid-Graphics)
[    0.344182] ACPI: Executed 1 blocks of module-level executable AML code
[    0.352025] ACPI: Interpreter enabled
[    0.354623] ACPI: (supports S0 S5)
[    0.356002] ACPI: Using IOAPIC for interrupt routing
[    0.360375] PCI: Using host bridge windows from ACPI; if necessary, use "pci=nocrs" and report a bug
[    0.364236] ACPI: Enabled 2 GPEs in block 00 to 07
[    0.379348] ACPI: PCI Root Bridge [PCI0] (domain 0000 [bus 00-ff])
[    0.380006] acpi PNP0A03:00: _OSC: OS supports [ASPM ClockPM Segments MSI]
[    0.388625] acpi PNP0A03:00: _OSC: not requesting OS control; OS requires [ExtendedConfig ASPM ClockPM MSI]
[    0.392009] acpi PNP0A03:00: fail to add MMCONFIG information, can't access extended PCI configuration space under this bridge.
[    0.396728] PCI host bridge to bus 0000:00
[    0.400004] pci_bus 0000:00: root bus resource [io  0x0000-0x0cf7 window]
[    0.404004] pci_bus 0000:00: root bus resource [io  0x0d00-0xffff window]
[    0.408004] pci_bus 0000:00: root bus resource [mem 0x000a0000-0x000bffff window]
[    0.412002] pci_bus 0000:00: root bus resource [mem 0x40000000-0xfdffffff window]
[    0.416003] pci_bus 0000:00: root bus resource [bus 00-ff]
[    0.428002] pci 0000:00:01.1: legacy IDE quirk: reg 0x10: [io  0x01f0-0x01f7]
[    0.432002] pci 0000:00:01.1: legacy IDE quirk: reg 0x14: [io  0x03f6]
[    0.436002] pci 0000:00:01.1: legacy IDE quirk: reg 0x18: [io  0x0170-0x0177]
[    0.440002] pci 0000:00:01.1: legacy IDE quirk: reg 0x1c: [io  0x0376]
[    0.493271] pci 0000:00:07.0: quirk: [io  0x4000-0x403f] claimed by PIIX4 ACPI
[    0.496036] pci 0000:00:07.0: quirk: [io  0x4100-0x410f] claimed by PIIX4 SMB
[    0.512201] ACPI: PCI Interrupt Link [LNKA] (IRQs 5 9 10 *11)
[    0.516522] ACPI: PCI Interrupt Link [LNKB] (IRQs 5 9 *10 11)
[    0.520198] ACPI: PCI Interrupt Link [LNKC] (IRQs 5 *9 10 11)
[    0.524203] ACPI: PCI Interrupt Link [LNKD] (IRQs 5 9 10 *11)
[    0.528456] SCSI subsystem initialized
[    0.532079] pci 0000:00:02.0: vgaarb: setting as boot VGA device
[    0.536000] pci 0000:00:02.0: vgaarb: VGA device added: decodes=io+mem,owns=io+mem,locks=none
[    0.536004] pci 0000:00:02.0: vgaarb: bridge control possible
[    0.540002] vgaarb: loaded
[    0.542031] ACPI: bus type USB registered
[    0.544033] usbcore: registered new interface driver usbfs
[    0.548009] usbcore: registered new interface driver hub
[    0.552017] usbcore: registered new device driver usb
[    0.556127] EDAC MC: Ver: 3.0.0
[    0.560738] PCI: Using ACPI for IRQ routing
[    0.564700] NetLabel: Initializing
[    0.568002] NetLabel:  domain hash size = 128
[    0.571076] NetLabel:  protocols = UNLABELED CIPSOv4 CALIPSO
[    0.572014] NetLabel:  unlabeled traffic allowed by default
[    0.580136] clocksource: Switched to clocksource kvm-clock
[    0.603600] VFS: Disk quotas dquot_6.6.0
[    0.606545] VFS: Dquot-cache hash table entries: 512 (order 0, 4096 bytes)
[    0.611501] AppArmor: AppArmor Filesystem Enabled
[    0.614918] pnp: PnP ACPI init
[    0.618867] pnp: PnP ACPI: found 3 devices
[    0.638448] clocksource: acpi_pm: mask: 0xffffff max_cycles: 0xffffff, max_idle_ns: 2085701024 ns
[    0.644617] NET: Registered protocol family 2
[    0.647877] IP idents hash table entries: 16384 (order: 5, 131072 bytes)
[    0.652926] TCP established hash table entries: 8192 (order: 4, 65536 bytes)
[    0.657905] TCP bind hash table entries: 8192 (order: 5, 131072 bytes)
[    0.662577] TCP: Hash tables configured (established 8192 bind 8192)
[    0.667225] UDP hash table entries: 512 (order: 2, 16384 bytes)
[    0.671390] UDP-Lite hash table entries: 512 (order: 2, 16384 bytes)
[    0.675866] NET: Registered protocol family 1
[    0.679020] pci 0000:00:00.0: Limiting direct PCI/PCI transfers
[    0.683267] pci 0000:00:01.0: Activating ISA DMA hang workarounds
[    0.687716] pci 0000:00:02.0: Video device with shadowed ROM at [mem 0x000c0000-0x000dffff]
[    0.693802] Unpacking initramfs...
[    0.995575] Freeing initrd memory: 19536K
[    0.998712] clocksource: tsc: mask: 0xffffffffffffffff max_cycles: 0x2e32ca984b9, max_idle_ns: 440795301002 ns
[    1.005620] platform rtc_cmos: registered platform RTC device (no PNP device found)
[    1.010999] Scanning for low memory corruption every 60 seconds
[    1.015955] Initialise system trusted keyrings
[    1.019228] Key type blacklist registered
[    1.022332] workingset: timestamp_bits=36 max_order=18 bucket_order=0
[    1.028164] zbud: loaded
[    1.030822] squashfs: version 4.0 (2009/01/31) Phillip Lougher
[    1.035431] fuse init (API version 7.26)
[    1.044077] Key type asymmetric registered
[    1.046967] Asymmetric key parser 'x509' registered
[    1.050486] Block layer SCSI generic (bsg) driver version 0.4 loaded (major 246)
[    1.055995] io scheduler noop registered
[    1.058951] io scheduler deadline registered
[    1.062043] io scheduler cfq registered (default)
[    1.065820] ACPI: AC Adapter [AC] (on-line)
[    1.068915] input: Power Button as /devices/LNXSYSTM:00/LNXPWRBN:00/input/input0
[    1.074129] ACPI: Power Button [PWRF]
[    1.076979] input: Sleep Button as /devices/LNXSYSTM:00/LNXSLPBN:00/input/input1
[    1.082174] ACPI: Sleep Button [SLPF]
[    1.085496] Serial: 8250/16550 driver, 32 ports, IRQ sharing enabled
[    1.116850] 00:02: ttyS0 at I/O 0x3f8 (irq = 4, base_baud = 115200) is a 16550A
[    1.128364] Linux agpgart interface v0.103
[    1.135098] loop: module loaded
[    1.139250] scsi host0: ata_piix
[    1.142115] scsi host1: ata_piix
[    1.144609] ata1: PATA max UDMA/33 cmd 0x1f0 ctl 0x3f6 bmdma 0xd000 irq 14
[    1.149390] ata2: PATA max UDMA/33 cmd 0x170 ctl 0x376 bmdma 0xd008 irq 15
[    1.154458] tun: Universal TUN/TAP device driver, 1.6
[    1.158526] PPP generic driver version 2.4.2
[    1.161807] ehci_hcd: USB 2.0 'Enhanced' Host Controller (EHCI) Driver
[    1.166475] ehci-pci: EHCI PCI platform driver
[    1.169734] ehci-platform: EHCI generic platform driver
[    1.173502] ohci_hcd: USB 1.1 'Open' Host Controller (OHCI) Driver
[    1.177830] ohci-pci: OHCI PCI platform driver
[    1.181062] ohci-platform: OHCI generic platform driver
[    1.184768] uhci_hcd: USB Universal Host Controller Interface driver
[    1.189260] i8042: PNP: PS/2 Controller [PNP0303:PS2K,PNP0f03:PS2M] at 0x60,0x64 irq 1,12
[    1.197543] serio: i8042 KBD port at 0x60,0x64 irq 1
[    1.201168] serio: i8042 AUX port at 0x60,0x64 irq 12
[    1.205206] mousedev: PS/2 mouse device common for all mice
[    1.211677] input: AT Translated Set 2 keyboard as /devices/platform/i8042/serio0/input/input2
[    1.216086] rtc_cmos rtc_cmos: rtc core: registered rtc_cmos as rtc0
[    1.222950] rtc_cmos rtc_cmos: alarms up to one day, 114 bytes nvram
[    1.227697] i2c /dev entries driver
[    1.230694] device-mapper: uevent: version 1.0.3
[    1.234377] device-mapper: ioctl: 4.37.0-ioctl (2017-09-20) initialised: dm-devel@redhat.com
[    1.240684] ledtrig-cpu: registered to indicate activity on CPUs
[    1.246098] NET: Registered protocol family 10
[    1.255575] Segment Routing with IPv6
[    1.258567] NET: Registered protocol family 17
[    1.262221] Key type dns_resolver registered
[    1.265959] mce: Using 0 MCE banks
[    1.268779] RAS: Correctable Errors collector initialized.
[    1.269887] sched_clock: Marking stable (1265887652, 0)->(1929488408, -663600756)
[    1.280050] registered taskstats version 1
[    1.283408] Loading compiled-in X.509 certificates
[    1.289919] Loaded X.509 cert 'Build time autogenerated kernel key: 6893c09f03d31bc6e9f3dd5a3a18faae0d596a39'
[    1.297366] Loaded X.509 cert 'Canonical Ltd. Live Patch Signing: 14df34d1a87cf37625abec039ef2bf521249b969'
[    1.304585] Loaded X.509 cert 'Canonical Ltd. Kernel Module Signing: 88f752e560a1e0737e31163a466ad7b70a850c19'
[    1.311669] blacklist: Loading compiled-in revocation X.509 certificates
[    1.324415] Loaded X.509 cert 'Canonical Ltd. Secure Boot Signing: 61482aa2830d0ab2ad5af10b7250da9033ddcef0'
[    1.332225] Loaded X.509 cert 'Canonical Ltd. Secure Boot Signing (2017): 242ade75ac4a15e50d50c84b0d45ff3eae707a03'
[    1.339985] Loaded X.509 cert 'Canonical Ltd. Secure Boot Signing (ESM 2018): 365188c1d374d6b07c3c8f240f8ef722433d6a8b'
[    1.352479] Loaded X.509 cert 'Canonical Ltd. Secure Boot Signing (2019): c0746fd6c5da3ae827864651ad66ae47fe24b3e8'
[    1.360496] Loaded X.509 cert 'Canonical Ltd. Secure Boot Signing (2021 v1): a8d54bbb3825cfb94fa13c9f8a594a195c107b8d'
[    1.368810] Loaded X.509 cert 'Canonical Ltd. Secure Boot Signing (2021 v2): 4cf046892d6fd3c9a5b03f98d845f90851dc6a8c'
[    1.377100] Loaded X.509 cert 'Canonical Ltd. Secure Boot Signing (2021 v3): 100437bb6de6e469b581e61cd66bce3ef4ed53af'
[    1.384827] Loaded X.509 cert 'Canonical Ltd. Secure Boot Signing (Ubuntu Core 2019): c1d57b8f6b743f23ee41f4f7ee292f06eecadfb9'
[    1.392794] zswap: loaded using pool lzo/zbud
[    1.402365] Key type big_key registered
[    1.405607] Key type trusted registered
[    1.411356] Key type encrypted registered
[    1.414747] AppArmor: AppArmor sha1 policy hashing enabled
[    1.418999] ima: No TPM chip found, activating TPM-bypass! (rc=-19)
[    1.423888] ima: Allocated hash algorithm: sha1
[    1.427467] evm: HMAC attrs: 0x1
[    1.430748]   Magic number: 11:73:547
[    1.433935] tty ttyS23: hash matches
[    1.437357] rtc_cmos rtc_cmos: setting system clock to 2023-06-21 19:32:46 UTC (1687375966)
[    1.444092] BIOS EDD facility v0.16 2004-Jun-25, 0 devices found
[    1.448558] EDD information not available.
[    1.455281] Freeing unused kernel image memory: 2480K
[    1.468059] Write protecting the kernel read-only data: 20480k
[    1.473115] Freeing unused kernel image memory: 2008K
[    1.477370] Freeing unused kernel image memory: 1820K
[    1.486468] x86/mm: Checked W+X mappings: passed, no W+X pages found.
[    1.491285] x86/mm: Checking user space page tables
[    1.500153] x86/mm: Checked W+X mappings: passed, no W+X pages found.
Loading, please wait...
starting version 237
[    1.573597] e1000: Intel(R) PRO/1000 Network Driver - version 7.3.21-k8-NAPI
[    1.578774] e1000: Copyright (c) 1999-2006 Intel Corporation.
[    1.586104] Fusion MPT base driver 3.04.20
[    1.589383] Copyright (c) 1999-2008 LSI Corporation
[    1.621229] AVX2 version of gcm_enc/dec engaged.
[    1.625438] AES CTR mode by8 optimization enabled
[    1.644422] Fusion MPT SPI Host driver 3.04.20
[    1.852009] input: ImExPS/2 Generic Explorer Mouse as /devices/platform/i8042/serio1/input/input4
[    2.159307] e1000 0000:00:03.0 eth0: (PCI:33MHz:32-bit) 02:ce:cf:1b:c9:4b
[    2.163943] e1000 0000:00:03.0 eth0: Intel(R) PRO/1000 Network Connection
[    2.170445] mptbase: ioc0: Initiating bringup
[    2.174559] e1000 0000:00:03.0 enp0s3: renamed from eth0
[    2.281976] ioc0: LSI53C1030 A0: Capabilities={Initiator}
[    2.532511] scsi host2: ioc0: LSI53C1030 A0, FwRev=00000000h, Ports=1, MaxQ=256, IRQ=20
[    2.705145] scsi 2:0:0:0: Direct-Access     VBOX     HARDDISK         1.0  PQ: 0 ANSI: 5
[    2.740440] scsi target2:0:0: Beginning Domain Validation
[    2.748224] scsi target2:0:0: Domain Validation skipping write tests
[    2.752858] scsi target2:0:0: Ending Domain Validation
[    2.756963] scsi target2:0:0: asynchronous
[    2.761501] scsi 2:0:1:0: Direct-Access     VBOX     HARDDISK         1.0  PQ: 0 ANSI: 5
[    2.792739] scsi target2:0:1: Beginning Domain Validation
[    2.800517] scsi target2:0:1: Domain Validation skipping write tests
[    2.805118] scsi target2:0:1: Ending Domain Validation
[    2.809208] scsi target2:0:1: asynchronous
[    2.819532] sd 2:0:0:0: Attached scsi generic sg0 type 0
[    2.823824] sd 2:0:0:0: [sda] 83886080 512-byte logical blocks: (42.9 GB/40.0 GiB)
[    2.829598] sd 2:0:0:0: [sda] Write Protect is off
[    2.833894] sd 2:0:1:0: Attached scsi generic sg1 type 0
[    2.838231] sd 2:0:1:0: [sdb] 20480 512-byte logical blocks: (10.5 MB/10.0 MiB)
[    2.843550] sd 2:0:0:0: [sda] Incomplete mode parameter data
[    2.848059] sd 2:0:0:0: [sda] Assuming drive cache: write through
[    2.852651] sd 2:0:1:0: [sdb] Write Protect is off
[    2.857035] sd 2:0:1:0: [sdb] Incomplete mode parameter data
[    2.861368] sd 2:0:1:0: [sdb] Assuming drive cache: write through
[    2.869118]  sda: sda1
[    2.873201] sd 2:0:0:0: [sda] Attached SCSI disk
[    2.877337] sd 2:0:1:0: [sdb] Attached SCSI disk
Begin: Loading essential drivers ... [    5.996331] raid6: sse2x1   gen() 343915 MB/s
[    6.183209] raid6: sse2x1   xor() 13130 MB/s
[    6.282858] raid6: sse2x2   gen() 34022 MB/s
[    6.355278] raid6: sse2x2   xor() 15440 MB/s
[    6.422300] raid6: sse2x4   gen() 25301 MB/s
[    6.699666] raid6: sse2x4   xor() 54618 MB/s
[    6.849128] raid6: avx2x1   gen() 33501 MB/s
[    6.901912] raid6: avx2x1   xor() 18409 MB/s
[    7.060861] raid6: avx2x2   gen() 86109 MB/s
[    7.180493] raid6: avx2x2   xor() 54787 MB/s
[    7.354037] raid6: avx2x4   gen() 137820 MB/s
[    7.466627] raid6: avx2x4   xor() 50244 MB/s
[    7.470383] raid6: using algorithm sse2x1 gen() 343915 MB/s
[    7.475197] raid6: .... xor() 13130 MB/s, rmw enabled
[    7.479776] raid6: using avx2x2 recovery algorithm
[    7.490623] xor: automatically using best checksumming function   avx       
[    7.497514] async_tx: api initialized (async)
done.
Begin: Running /scripts/init-premount ... done.
Begin: Mounting root file system ... Begin: Running /scripts/local-top ... done.
Begin: Running /scripts/local-premount ... [    7.577682] Btrfs loaded, crc32c=crc32c-intel
Scanning for Btrfs filesystems
done.
Warning: fsck not present, so skipping root file system
[    7.614861] EXT4-fs (sda1): mounted filesystem with ordered data mode. Opts: (null)
done.
Begin: Running /scripts/local-bottom ... done.
Begin: Running /scripts/init-bottom ... done.
[    7.796877] ip_tables: (C) 2000-2006 Netfilter Core Team
[    7.810280] systemd[1]: systemd 237 running in system mode. (+PAM +AUDIT +SELINUX +IMA +APPARMOR +SMACK +SYSVINIT +UTMP +LIBCRYPTSETUP +GCRYPT +GNUTLS +ACL +XZ +LZ4 +SECCOMP +BLKID +ELFUTILS +KMOD -IDN2 +IDN -PCRE2 default-hierarchy=hybrid)
[    7.824432] systemd[1]: Detected virtualization oracle.
[    7.828328] systemd[1]: Detected architecture x86-64.

Welcome to [1mUbuntu 18.04.6 LTS[0m!

[    7.848167] systemd[1]: Set hostname to <ubuntu>.
[    7.854376] systemd[1]: Initializing machine ID from random generator.
[    7.859286] systemd[1]: Installed transient /etc/machine-id file.
[    8.096340] systemd[1]: Reached target User and Group Name Lookups.
[[0;32m  OK  [0m] Reached target User and Group Name Lookups.
[    8.104270] systemd[1]: Reached target Swap.
[[0;32m  OK  [0m] Reached target Swap.
[    8.110512] systemd[1]: Reached target System Time Synchronized.
[[0;32m  OK  [0m] Reached target System Time Synchronized.
[    8.118559] systemd[1]: Set up automount Arbitrary Executable File Formats File System Automount Point.
[[0;32m  OK  [0m] Set up automount Arbitrary Executab…rmats File System Automount Point.
[[0;32m  OK  [0m] Created slice System Slice.
[[0;32m  OK  [0m] Listening on udev Kernel Socket.
[[0;32m  OK  [0m] Listening on Journal Audit Socket.
[[0;32m  OK  [0m] Created slice system-serial\x2dgetty.slice.
[[0;32m  OK  [0m] Listening on Journal Socket (/dev/log).
[[0;32m  OK  [0m] Listening on Syslog Socket.
[[0;32m  OK  [0m] Listening on Journal Socket.
         Starting Create list of required st…ce nodes for the current kernel...
         Starting Set the console keyboard layout...
         Starting Journal Service...
         Mounting Huge Pages File System...
[[0;32m  OK  [0m] Created slice User and Session Slice.
[[0;32m  OK  [0m] Listening on fsck to fsckd communication Socket.
[[0;32m  OK  [0m] Listening on /dev/initctl Compatibility Named Pipe.
[[0;32m  OK  [0m] Listening on udev Control Socket.
[[0;32m  OK  [0m] Reached target Mounting snaps.
[[0;32m  OK  [0m] Reached target Slices.
         Starting Uncomplicated firewall...
         Mounting POSIX Message Queue File System...
         Starting File System Check on Root Device...
[[0;32m  OK  [0m] Listening on Device-mapper event daemon FIFOs.
[[0;32m  OK  [0m] Listening on LVM2 metadata daemon socket.
         Starting Monitoring of LVM2 mirrors…ng dmeventd or progress polling...
         Starting udev Coldplug all Devices...
[[0;32m  OK  [0m] Listening on Network Service Netlink Socket.
[[0;32m  OK  [0m] Listening on LVM2 poll daemon socket.
[[0;32m  OK  [0m] Reached target Mounted snaps.
         Starting Load Kernel Modules...
         Mounting Kernel Debug File System...
[[0;32m  OK  [0m] Started Forward Password Requests to Wall Directory Watch.
[[0;32m  OK  [0m] Started Journal Service.
[[0;32m  OK  [0m] Started Create list of required sta…vice nodes for the current kernel.
[[0;32m  OK  [0m] Mounted Huge Pages File System.
[[0;32m  OK  [0m] Started Uncomplicated firewall.
[[0;32m  OK  [0m] Mounted POSIX Message Queue File System.
[[0;32m  OK  [0m] Mounted Kernel Debug File System.
[[0;32m  OK  [0m] Started LVM2 metadata daemon.
[[0;32m  OK  [0m] Started File System Check Daemon to report status.
         Starting Create Static Device Nodes in /dev...
[    8.306167] Loading iSCSI transport class v2.0-870.
[    8.315283] iscsi: registered transport (tcp)
[[0;32m  OK  [0m] Started udev Coldplug all Devices.
[[0;32m  OK  [0m] Started Create Static Device Nodes in /dev.
[[0;32m  OK  [0m] Started File System Check on Root Device.
         Starting Remount Root and Kernel File Systems...
[    8.386984] iscsi: registered transport (iser)
[[0;32m  OK  [0m] Started Load Kernel Modules.
         Mounting Kernel Configuration File System...
         Mounting FUSE Control File System...
         Starting Apply Kernel Variables...
[[0;32m  OK  [0m] Mounted FUSE Control File System.
[[0;32m  OK  [0m] Mounted Kernel Configuration File System.
[[0;32m  OK  [0m] Started Monitoring of LVM2 mirrors,…sing dmeventd or progress polling.
[[0;32m  OK  [0m] Started Remount Root and Kernel File Systems.
         Starting Flush Journal to Persistent Storage...
         Starting udev Kernel Device Manager...
         Starting Load/Save Random Seed...
[[0;32m  OK  [0m] Started Apply Kernel Variables.
[[0;32m  OK  [0m] Started Load/Save Random Seed.
[[0;32m  OK  [0m] Started udev Kernel Device Manager.
[[0;32m  OK  [0m] Started Flush Journal to Persistent Storage.
[[0;32m  OK  [0m] Found device /dev/ttyS0.
[[0;32m  OK  [0m] Listening on Load/Save RF Kill Switch Status /dev/rfkill Watch.
         Mounting Arbitrary Executable File Formats File System...
[[0;32m  OK  [0m] Mounted Arbitrary Executable File Formats File System.
[[0;32m  OK  [0m] Started Set the console keyboard layout.
[[0;32m  OK  [0m] Reached target Local File Systems (Pre).
[[0;32m  OK  [0m] Reached target Local File Systems.
         Starting ebtables ruleset management...
         Starting AppArmor initialization...
         Starting Create Volatile Files and Directories...
         Starting Tell Plymouth To Write Out Runtime Data...
         Starting Commit a transient machine-id on disk...
         Starting Set console font and keymap...
[[0;32m  OK  [0m] Started Dispatch Password Requests to Console Directory Watch.
[[0;32m  OK  [0m] Reached target Local Encrypted Volumes.
[[0;32m  OK  [0m] Started Tell Plymouth To Write Out Runtime Data.
[[0;32m  OK  [0m] Started Create Volatile Files and Directories.
         Starting Update UTMP about System Boot/Shutdown...
[[0;32m  OK  [0m] Started Update UTMP about System Boot/Shutdown.
[[0;32m  OK  [0m] Started Commit a transient machine-id on disk.
[[0;32m  OK  [0m] Started ebtables ruleset management.
[[0;32m  OK  [0m] Started AppArmor initialization.
         Starting Load AppArmor profiles managed internally by snapd...
         Starting Initial cloud-init job (pre-networking)...
[[0;32m  OK  [0m] Started Load AppArmor profiles managed internally by snapd.
[[0;32m  OK  [0m] Started Set console font and keymap.
[   12.712861] cloud-init[888]: Cloud-init v. 23.1.2-0ubuntu0~18.04.1 running 'init-local' at Wed, 21 Jun 2023 19:32:57 +0000. Up 12.41 seconds.
[[0;32m  OK  [0m] Started Initial cloud-init job (pre-networking).
[[0;32m  OK  [0m] Reached target Network (Pre).
         Starting Network Service...
[[0;32m  OK  [0m] Started Network Service.
         Starting Network Name Resolution...
         Starting Wait for Network to be Configured...
[[0;32m  OK  [0m] Started Network Name Resolution.
[[0;32m  OK  [0m] Reached target Network.
[[0;32m  OK  [0m] Reached target Host and Network Name Lookups.
[[0;32m  OK  [0m] Started Wait for Network to be Configured.
         Starting Initial cloud-init job (metadata service crawler)...
[   14.891628] cloud-init[1007]: Cloud-init v. 23.1.2-0ubuntu0~18.04.1 running 'init' at Wed, 21 Jun 2023 19:32:59 +0000. Up 14.75 seconds.
[   14.895278] cloud-init[1007]: ci-info: ++++++++++++++++++++++++++++++++++++++Net device info++++++++++++++++++++++++++++++++++++++
[   14.898733] cloud-init[1007]: ci-info: +--------+------+----------------------------+---------------+--------+-------------------+
[   14.902371] cloud-init[1007]: ci-info: | Device |  Up  |          Address           |      Mask     | Scope  |     Hw-Address    |
[   14.907485] cloud-init[1007]: ci-info: +--------+------+----------------------------+---------------+--------+-------------------+
[   14.912453] cloud-init[1007]: ci-info: | enp0s3 | True |         10.0.2.15          | 255.255.255.0 | global | 02:ce:cf:1b:c9:4b |
[   14.917577] cloud-init[1007]: ci-info: | enp0s3 | True | fe80::ce:cfff:fe1b:c94b/64 |       .       |  link  | 02:ce:cf:1b:c9:4b |
[   14.922996] cloud-init[1007]: ci-info: |   lo   | True |         127.0.0.1          |   255.0.0.0   |  host  |         .         |
[   14.928350] cloud-init[1007]: ci-info: |   lo   | True |          ::1/128           |       .       |  host  |         .         |
[   14.933498] cloud-init[1007]: ci-info: +--------+------+----------------------------+---------------+--------+-------------------+
[   14.938619] cloud-init[1007]: ci-info: ++++++++++++++++++++++++++++Route IPv4 info+++++++++++++++++++++++++++++
[   14.943363] cloud-init[1007]: ci-info: +-------+-------------+----------+-----------------+-----------+-------+
[   14.947929] cloud-init[1007]: ci-info: | Route | Destination | Gateway  |     Genmask     | Interface | Flags |
[   14.952415] cloud-init[1007]: ci-info: +-------+-------------+----------+-----------------+-----------+-------+
[   14.957082] cloud-init[1007]: ci-info: |   0   |   0.0.0.0   | 10.0.2.2 |     0.0.0.0     |   enp0s3  |   UG  |
[   14.961685] cloud-init[1007]: ci-info: |   1   |   10.0.2.0  | 0.0.0.0  |  255.255.255.0  |   enp0s3  |   U   |
[   14.966122] cloud-init[1007]: ci-info: |   2   |   10.0.2.2  | 0.0.0.0  | 255.255.255.255 |   enp0s3  |   UH  |
[   14.970594] cloud-init[1007]: ci-info: +-------+-------------+----------+-----------------+-----------+-------+
[   14.975462] cloud-init[1007]: ci-info: +++++++++++++++++++Route IPv6 info+++++++++++++++++++
[   14.979785] cloud-init[1007]: ci-info: +-------+-------------+---------+-----------+-------+
[   14.983939] cloud-init[1007]: ci-info: | Route | Destination | Gateway | Interface | Flags |
[   14.988482] cloud-init[1007]: ci-info: +-------+-------------+---------+-----------+-------+
[   14.992836] cloud-init[1007]: ci-info: |   1   |  fe80::/64  |    ::   |   enp0s3  |   U   |
[   14.997483] cloud-init[1007]: ci-info: |   3   |    local    |    ::   |   enp0s3  |   U   |
[   15.001658] cloud-init[1007]: ci-info: |   4   |   ff00::/8  |    ::   |   enp0s3  |   U   |
[   15.006348] cloud-init[1007]: ci-info: +-------+-------------+---------+-----------+-------+
[   15.619827] cloud-init[1007]: Generating public/private rsa key pair.
[   15.621882] cloud-init[1007]: Your identification has been saved in /etc/ssh/ssh_host_rsa_key.
[   15.624573] cloud-init[1007]: Your public key has been saved in /etc/ssh/ssh_host_rsa_key.pub.
[   15.627166] cloud-init[1007]: The key fingerprint is:
[   15.628975] cloud-init[1007]: SHA256:Fy0pG44V+l4MLtg0jt2lqvQTgez2riJEICD6FuCWswI root@ubuntu-bionic
[   15.631597] cloud-init[1007]: The key's randomart image is:
[   15.633278] cloud-init[1007]: +---[RSA 2048]----+
[   15.634792] cloud-init[1007]: |=       .        |
[   15.636293] cloud-init[1007]: |*..    . . o     |
[   15.637779] cloud-init[1007]: |E=.. .+ = = .    |
[   15.639222] cloud-init[1007]: |ooo.oB.O O o     |
[   15.640714] cloud-init[1007]: |o.o.o *.S +      |
[   15.642187] cloud-init[1007]: |.o  o .+ o       |
[   15.643700] cloud-init[1007]: |.  ......        |
[   15.645202] cloud-init[1007]: |. .. oo          |
[   15.646695] cloud-init[1007]: | . .ooo.         |
[   15.648253] cloud-init[1007]: +----[SHA256]-----+
[   15.649705] cloud-init[1007]: Generating public/private dsa key pair.
[   15.651619] cloud-init[1007]: Your identification has been saved in /etc/ssh/ssh_host_dsa_key.
[   15.654190] cloud-init[1007]: Your public key has been saved in /etc/ssh/ssh_host_dsa_key.pub.
[   15.656779] cloud-init[1007]: The key fingerprint is:
[   15.658345] cloud-init[1007]: SHA256:IYPE7bOoLEEC56grkpEjs64pyQApTxfzrge0qqh9IME root@ubuntu-bionic
[   15.661002] cloud-init[1007]: The key's randomart image is:
[   15.662733] cloud-init[1007]: +---[DSA 1024]----+
[   15.664242] cloud-init[1007]: |   ...           |
[   15.665735] cloud-init[1007]: |. ..+..          |
[   15.667208] cloud-init[1007]: |o=  .=o .        |
[   15.668716] cloud-init[1007]: |BEo o +o .       |
[   15.670295] cloud-init[1007]: |*= o + oS        |
[   15.671780] cloud-init[1007]: |@ o + o          |
[   15.673258] cloud-init[1007]: |+% + o           |
[   15.674759] cloud-init[1007]: |@++ o .          |
[   15.676252] cloud-init[1007]: |&+.. .           |
[   15.677738] cloud-init[1007]: +----[SHA256]-----+
[   15.679260] cloud-init[1007]: Generating public/private ecdsa key pair.
[   15.681256] cloud-init[1007]: Your identification has been saved in /etc/ssh/ssh_host_ecdsa_key.
[   15.683847] cloud-init[1007]: Your public key has been saved in /etc/ssh/ssh_host_ecdsa_key.pub.
[   15.686431] cloud-init[1007]: The key fingerprint is:
[   15.688002] cloud-init[1007]: SHA256:HLMEOwi7bXuZY0WSbGKTluQ7PUbYT2bGcdWGtmf3ewM root@ubuntu-bionic
[   15.690640] cloud-init[1007]: The key's randomart image is:
[   15.692308] cloud-init[1007]: +---[ECDSA 256]---+
[   15.693820] cloud-init[1007]: |  . . . . ...o   |
[   15.695420] cloud-init[1007]: |   = B = o  o o  |
[   15.696954] cloud-init[1007]: |  . @ X @  . o   |
[   15.698453] cloud-init[1007]: |   = B % +  . o .|
[   15.699927] cloud-init[1007]: |  . = + S    o ..|
[   15.701506] cloud-init[1007]: |   . + =     E  .|
[   15.703013] cloud-init[1007]: |    . *       . .|
[   15.704928] cloud-init[1007]: |     o .       o.|
[   15.707850] cloud-init[1007]: |                o|
[   15.710839] cloud-init[1007]: +----[SHA256]-----+
[   15.713774] cloud-init[1007]: Generating public/private ed25519 key pair.
[   15.717342] cloud-init[1007]: Your identification has been saved in /etc/ssh/ssh_host_ed25519_key.
[   15.721370] cloud-init[1007]: Your public key has been saved in /etc/ssh/ssh_host_ed25519_key.pub.
[   15.725615] cloud-init[1007]: The key fingerprint is:
[   15.728616] cloud-init[1007]: SHA256:Qn4GGdnkyaWwBjtF2F85hvd35xXIVTRpPOoQV5cIbFM root@ubuntu-bionic
[   15.732665] cloud-init[1007]: The key's randomart image is:
[   15.735903] cloud-init[1007]: +--[ED25519 256]--+
[   15.738837] cloud-init[1007]: |    .+=+..oo+E*=B|
[   15.741748] cloud-init[1007]: |    .+oBo+*= = Bo|
[   15.744723] cloud-init[1007]: |    o *.=+.o+ o o|
[   15.747831] cloud-init[1007]: |     = ..  .... +|
[   15.750787] cloud-init[1007]: |      o S   o. oo|
[   15.753756] cloud-init[1007]: |       +     .  .|
[   15.756902] cloud-init[1007]: |                 |
[   15.759834] cloud-init[1007]: |                 |
[   15.762785] cloud-init[1007]: |                 |
[   15.765828] cloud-init[1007]: +----[SHA256]-----+
[[0;32m  OK  [0m] Started Initial cloud-init job (metadata service crawler).
[[0;32m  OK  [0m] Reached target System Initialization.
[[0;32m  OK  [0m] Started ACPI Events Check.
[[0;32m  OK  [0m] Listening on UUID daemon activation socket.
[[0;32m  OK  [0m] Listening on D-Bus System Message Bus Socket.
[[0;32m  OK  [0m] Reached target Paths.
[[0;32m  OK  [0m] Started Daily apt download activities.
         Starting LXD - unix socket.
[[0;32m  OK  [0m] Started Ubuntu Advantage Timer for running repeated jobs.
         Starting Socket activation for snappy daemon.
[[0;32m  OK  [0m] Listening on ACPID Listen Socket.
[[0;32m  OK  [0m] Started Daily apt upgrade and clean activities.
[[0;32m  OK  [0m] Listening on Open-iSCSI iscsid Socket.
[[0;32m  OK  [0m] Started Daily Cleanup of Temporary Directories.
[[0;32m  OK  [0m] Started Discard unused blocks once a week.
[[0;32m  OK  [0m] Started Message of the Day.
[[0;32m  OK  [0m] Reached target Timers.
[[0;32m  OK  [0m] Listening on cloud-init hotplug hook socket.
[[0;32m  OK  [0m] Reached target Cloud-config availability.
[[0;32m  OK  [0m] Reached target Network is Online.
[[0;32m  OK  [0m] Reached target Remote File Systems (Pre).
[[0;32m  OK  [0m] Reached target Remote File Systems.
         Starting Availability of block devices...
[[0;32m  OK  [0m] Listening on LXD - unix socket.
[[0;32m  OK  [0m] Listening on Socket activation for snappy daemon.
[[0;32m  OK  [0m] Reached target Sockets.
[[0;32m  OK  [0m] Reached target Basic System.
         Starting LXD - container startup/shutdown...
[[0;32m  OK  [0m] Started FUSE filesystem for LXC.
         Starting Dispatcher daemon for systemd-networkd...
         Starting Snap Daemon...
         Starting Login Service...
         Starting Pollinate to seed the pseudo random number generator...
[[0;32m  OK  [0m] Reached target Login Prompts (Pre).
[[0;32m  OK  [0m] Started irqbalance daemon.
         Starting LSB: Record successful boot for GRUB...
         Starting System Logging Service...
         Starting LSB: automatic crash report generation...
         Starting Virtualbox guest utils...
[[0;32m  OK  [0m] Started Regular background program processing daemon.
[[0;32m  OK  [0m] Started Deferred execution scheduler.
         Starting Permit User Sessions...
         Starting Accounts Service...
[[0;32m  OK  [0m] Started D-Bus System Message Bus.
[[0;32m  OK  [0m] Started Login Service.
[[0;32m  OK  [0m] Started Unattended Upgrades Shutdown.
[[0;32m  OK  [0m] Started System Logging Service.
[[0;32m  OK  [0m] Started Availability of block devices.
[[0;32m  OK  [0m] Started LXD - container startup/shutdown.
[[0;32m  OK  [0m] Started Permit User Sessions.
         Starting Hold until boot process finishes up...
         Starting Terminate Plymouth Boot Screen...
[[0;32m  OK  [0m] Started Hold until boot process finishes up.
         Starting Set console scheme...
[[0;32m  OK  [0m] Started Serial Getty on ttyS0.
[[0;32m  OK  [0m] Started Terminate Plymouth Boot Screen.
[[0;32m  OK  [0m] Started Set console scheme.
[[0;32m  OK  [0m] Created slice system-getty.slice.
[[0;32m  OK  [0m] Started Getty on tty1.
[[0;32m  OK  [0m] Reached target Login Prompts.
[[0;32m  OK  [0m] Started LSB: automatic crash report generation.
         Starting Authorization Manager...
[[0;32m  OK  [0m] Started Authorization Manager.
[[0;32m  OK  [0m] Started Accounts Service.
[[0;32m  OK  [0m] Started LSB: Record successful boot for GRUB.
[[0;32m  OK  [0m] Started Virtualbox guest utils.
[[0;32m  OK  [0m] Started Dispatcher daemon for systemd-networkd.
[[0;32m  OK  [0m] Started Snap Daemon.
         Starting Wait until snapd is fully seeded...
[[0;32m  OK  [0m] Started Pollinate to seed the pseudo random number generator.
         Starting OpenBSD Secure Shell server...
[[0;32m  OK  [0m] Started OpenBSD Secure Shell server.
         Starting Time & Date Service...
[[0;32m  OK  [0m] Started Time & Date Service.
[[0;32m  OK  [0m] Started Wait until snapd is fully seeded.
         Starting Apply the settings specified in cloud-config...
[   18.847975] cloud-init[1575]: Cloud-init v. 23.1.2-0ubuntu0~18.04.1 running 'modules:config' at Wed, 21 Jun 2023 19:33:03 +0000. Up 18.47 seconds.
[[0;32m  OK  [0m] Started Apply the settings specified in cloud-config.
[[0;32m  OK  [0m] Reached target Multi-User System.
[[0;32m  OK  [0m] Reached target Graphical Interface.
         Starting Update UTMP about System Runlevel Changes...
         Starting Execute cloud user/final scripts...
[[0;32m  OK  [0m] Started Update UTMP about System Runlevel Changes.
ci-info: no authorized SSH keys fingerprints found for user ubuntu.
<14>Jun 21 19:33:04 cloud-init: #############################################################
<14>Jun 21 19:33:04 cloud-init: -----BEGIN SSH HOST KEY FINGERPRINTS-----
<14>Jun 21 19:33:04 cloud-init: 1024 SHA256:IYPE7bOoLEEC56grkpEjs64pyQApTxfzrge0qqh9IME root@ubuntu-bionic (DSA)
<14>Jun 21 19:33:04 cloud-init: 256 SHA256:HLMEOwi7bXuZY0WSbGKTluQ7PUbYT2bGcdWGtmf3ewM root@ubuntu-bionic (ECDSA)
<14>Jun 21 19:33:04 cloud-init: 256 SHA256:Qn4GGdnkyaWwBjtF2F85hvd35xXIVTRpPOoQV5cIbFM root@ubuntu-bionic (ED25519)
<14>Jun 21 19:33:04 cloud-init: 2048 SHA256:Fy0pG44V+l4MLtg0jt2lqvQTgez2riJEICD6FuCWswI root@ubuntu-bionic (RSA)
<14>Jun 21 19:33:04 cloud-init: -----END SSH HOST KEY FINGERPRINTS-----
<14>Jun 21 19:33:04 cloud-init: #############################################################
-----BEGIN SSH HOST KEY KEYS-----
ecdsa-sha2-nistp256 AAAAE2VjZHNhLXNoYTItbmlzdHAyNTYAAAAIbmlzdHAyNTYAAABBBOUO7H3AtJ0sDUaoErDgmL0X0K4w78IzN0bkwdWEQYd5LKg82Xre3iGVlyCVAitxXbDAs2wvH6gC2wD6Tbj7DlE= root@ubuntu-bionic
ssh-ed25519 AAAAC3NzaC1lZDI1NTE5AAAAIBoEBiq+ZKDvWYMOjGJwtdl2GI8A9swRF+c4tmtZkcVl root@ubuntu-bionic
ssh-rsa AAAAB3NzaC1yc2EAAAADAQABAAABAQDNuY/O3Lgode1s6YdLqXB/P1A4twSxR5x99f2qzNQbRSFn4rfYTBRtYcar4+xneI8FOtzWsVqKgdVXcqtBU+M89vm636M34wiDHXgU+7G+eViineTZXuzpatly2qwRPiNAN2EP85VOVZAn8EP/AoR5dBfltcFwPsSITrzPdFAJQXkF/m/zx/107mGyMcABjLIQtrb2so5NSVEGl/M3S6LuYadb02uFtdjbUELQWc6KxITsxzdCvhhcn8iwpuh7UiEQ5WwChTjDpgFT61NzMURQeoLLYYallThkp+xH+B5s99LIiWjOft1PnTOeR1YXDhn24AFHyx35haWDYwaPBOuL root@ubuntu-bionic
-----END SSH HOST KEY KEYS-----
[   19.510168] cloud-init[1629]: Cloud-init v. 23.1.2-0ubuntu0~18.04.1 running 'modules:final' at Wed, 21 Jun 2023 19:33:04 +0000. Up 19.30 seconds.
[   19.514041] cloud-init[1629]: Cloud-init v. 23.1.2-0ubuntu0~18.04.1 finished at Wed, 21 Jun 2023 19:33:04 +0000. Datasource DataSourceNoCloud [seed=/dev/sdb][dsmode=net].  Up 19.50 seconds
[[0;32m  OK  [0m] Started Execute cloud user/final scripts.
[[0;32m  OK  [0m] Reached target Cloud-init target.

Ubuntu 18.04.6 LTS ubuntu-bionic ttyS0

ubuntu-bionic login: 